Using pre-set license
Built from '2020.3/staging' branch; Version is '2020.3.9f1 (108be757e447) revision 1084391'; Using compiler version '192528614'; Build Type 'Release'
OS: 'Windows 10 Home; OS build 19043.1237; Version 2009; 64bit' Language: 'en' Physical Memory: 16348 MB
BatchMode: 1, IsHumanControllingUs: 0, StartBugReporterOnCrash: 0, Is64bit: 1, IsPro: 0

 COMMAND LINE ARGUMENTS:
C:\Program Files\Unity\Hub\Editor\2020.3.9f1\Editor\Unity.exe
-adb2
-batchMode
-noUpm
-name
AssetImportWorker2
-projectPath
F:/Connor Stuff/SAE/Game Design/GPG230/WeeklyPrototypes/GPG230-Connor-Younger/GPG230 Weekly Prototypes
-logFile
Logs/AssetImportWorker2.log
-srvPort
54191
Successfully changed project path to: F:/Connor Stuff/SAE/Game Design/GPG230/WeeklyPrototypes/GPG230-Connor-Younger/GPG230 Weekly Prototypes
F:/Connor Stuff/SAE/Game Design/GPG230/WeeklyPrototypes/GPG230-Connor-Younger/GPG230 Weekly Prototypes
Using Asset Import Pipeline V2.
Refreshing native plugins compatible for Editor in 49.52 ms, found 0 plugins.
Preloading 0 native plugins for Editor in 0.00 ms.
Initialize engine version: 2020.3.9f1 (108be757e447)
[Subsystems] Discovering subsystems at path C:/Program Files/Unity/Hub/Editor/2020.3.9f1/Editor/Data/Resources/UnitySubsystems
[Subsystems] Discovering subsystems at path F:/Connor Stuff/SAE/Game Design/GPG230/WeeklyPrototypes/GPG230-Connor-Younger/GPG230 Weekly Prototypes/Assets
GfxDevice: creating device client; threaded=0
Direct3D:
    Version:  Direct3D 11.0 [level 11.1]
    Renderer: NVIDIA GeForce GTX 1060 3GB (ID=0x1c02)
    Vendor:   
    VRAM:     2988 MB
    Driver:   30.0.14.7212
Initialize mono
Mono path[0] = 'C:/Program Files/Unity/Hub/Editor/2020.3.9f1/Editor/Data/Managed'
Mono path[1] = 'C:/Program Files/Unity/Hub/Editor/2020.3.9f1/Editor/Data/MonoBleedingEdge/lib/mono/unityjit'
Mono config path = 'C:/Program Files/Unity/Hub/Editor/2020.3.9f1/Editor/Data/MonoBleedingEdge/etc'
Using monoOptions --debugger-agent=transport=dt_socket,embedding=1,server=y,suspend=n,address=127.0.0.1:56740
Begin MonoManager ReloadAssembly
Registering precompiled unity dll's ...
Register platform support module: C:/Program Files/Unity/Hub/Editor/2020.3.9f1/Editor/Data/PlaybackEngines/MacStandaloneSupport/UnityEditor.OSXStandalone.Extensions.dll
Register platform support module: C:/Program Files/Unity/Hub/Editor/2020.3.9f1/Editor/Data/PlaybackEngines/WindowsStandaloneSupport/UnityEditor.WindowsStandalone.Extensions.dll
Registered in 0.665601 seconds.
Native extension for WindowsStandalone target not found
Native extension for OSXStandalone target not found
Refreshing native plugins compatible for Editor in 27.83 ms, found 0 plugins.
Preloading 0 native plugins for Editor in 0.00 ms.
Mono: successfully reloaded assembly
- Completed reload, in  8.787 seconds
Platform modules already initialized, skipping
Registering precompiled user dll's ...
Registered in 0.306347 seconds.
Begin MonoManager ReloadAssembly
Native extension for WindowsStandalone target not found
Native extension for OSXStandalone target not found
Refreshing native plugins compatible for Editor in 0.75 ms, found 0 plugins.
Preloading 0 native plugins for Editor in 0.00 ms.
Mono: successfully reloaded assembly
- Completed reload, in  2.507 seconds
Platform modules already initialized, skipping
========================================================================
Worker process is ready to serve import requests
Launched and connected shader compiler UnityShaderCompiler.exe after 0.29 seconds
Refreshing native plugins compatible for Editor in 0.31 ms, found 0 plugins.
Preloading 0 native plugins for Editor in 0.00 ms.
Unloading 1115 Unused Serialized files (Serialized files now loaded: 0)
System memory in use before: 57.5 MB.
System memory in use after: 57.6 MB.

Unloading 10 unused Assets to reduce memory usage. Loaded Objects now: 1557.
Total: 1.846800 ms (FindLiveObjects: 0.131900 ms CreateObjectMapping: 0.111300 ms MarkObjects: 1.495000 ms  DeleteObjects: 0.107300 ms)

========================================================================
Received Import Request.
  path: Assets/Week2/Week2Scene.unity
  artifactKey: Guid(9a82fa344debe7546a87cff8e4547d8c) Importer(815301076,1909f56bfc062723c751e8b465ee728b)
Start importing Assets/Week2/Week2Scene.unity using Guid(9a82fa344debe7546a87cff8e4547d8c) Importer(815301076,1909f56bfc062723c751e8b465ee728b)  -> (artifact id: '90a3a348e477b1924f5fe3cdf8715e37') in 0.030028 seconds
  Import took 0.038883 seconds .

========================================================================
Received Import Request.
  Time since last request: 140.878994 seconds.
  path: Assets/Week2
  artifactKey: Guid(fe6e8c44e545a4747863228bbd52a1fa) Importer(815301076,1909f56bfc062723c751e8b465ee728b)
Start importing Assets/Week2 using Guid(fe6e8c44e545a4747863228bbd52a1fa) Importer(815301076,1909f56bfc062723c751e8b465ee728b)  -> (artifact id: 'eea58664ff619606ccc6dd4de083f88d') in 0.013364 seconds
  Import took 0.016774 seconds .

========================================================================
Received Import Request.
  Time since last request: 6.632962 seconds.
  path: Assets/Week2/Scripts
  artifactKey: Guid(d75979ab0dd1f304b86fc4c50dd09245) Importer(815301076,1909f56bfc062723c751e8b465ee728b)
Start importing Assets/Week2/Scripts using Guid(d75979ab0dd1f304b86fc4c50dd09245) Importer(815301076,1909f56bfc062723c751e8b465ee728b)  -> (artifact id: '0c0205ff021fa4005c55992b5887ecd8') in 0.015298 seconds
  Import took 0.019901 seconds .

========================================================================
Received Import Request.
  Time since last request: 18.321407 seconds.
  path: Assets/Week2/Scripts/MouseInteraction.cs
  artifactKey: Guid(d2fc8002621d5054aa0049f87552e11c) Importer(815301076,1909f56bfc062723c751e8b465ee728b)
Start importing Assets/Week2/Scripts/MouseInteraction.cs using Guid(d2fc8002621d5054aa0049f87552e11c) Importer(815301076,1909f56bfc062723c751e8b465ee728b)  -> (artifact id: 'd7ec0e4af4c7986ddaadc67affc9ff61') in 0.211105 seconds
  Import took 0.237492 seconds .

========================================================================
Received Prepare
Registering precompiled user dll's ...
Registered in 0.001231 seconds.
Begin MonoManager ReloadAssembly
Native extension for WindowsStandalone target not found
Native extension for OSXStandalone target not found
Refreshing native plugins compatible for Editor in 0.22 ms, found 0 plugins.
Preloading 0 native plugins for Editor in 0.00 ms.
Mono: successfully reloaded assembly
- Completed reload, in  1.623 seconds
Platform modules already initialized, skipping
Refreshing native plugins compatible for Editor in 0.38 ms, found 0 plugins.
Preloading 0 native plugins for Editor in 0.00 ms.
Unloading 1111 Unused Serialized files (Serialized files now loaded: 0)
System memory in use before: 57.5 MB.
System memory in use after: 57.6 MB.

Unloading 5 unused Assets to reduce memory usage. Loaded Objects now: 1561.
Total: 5.252900 ms (FindLiveObjects: 0.435000 ms CreateObjectMapping: 1.162700 ms MarkObjects: 3.542600 ms  DeleteObjects: 0.110800 ms)

========================================================================
Received Prepare
Registering precompiled user dll's ...
Registered in 0.000954 seconds.
Begin MonoManager ReloadAssembly
Native extension for WindowsStandalone target not found
Native extension for OSXStandalone target not found
Refreshing native plugins compatible for Editor in 0.24 ms, found 0 plugins.
Preloading 0 native plugins for Editor in 0.00 ms.
Mono: successfully reloaded assembly
- Completed reload, in  1.101 seconds
Platform modules already initialized, skipping
Refreshing native plugins compatible for Editor in 0.22 ms, found 0 plugins.
Preloading 0 native plugins for Editor in 0.00 ms.
Unloading 1111 Unused Serialized files (Serialized files now loaded: 0)
System memory in use before: 57.5 MB.
System memory in use after: 57.6 MB.

Unloading 5 unused Assets to reduce memory usage. Loaded Objects now: 1564.
Total: 1.796400 ms (FindLiveObjects: 0.136200 ms CreateObjectMapping: 0.037100 ms MarkObjects: 1.566500 ms  DeleteObjects: 0.055600 ms)

========================================================================
Received Import Request.
  Time since last request: 772.463169 seconds.
  path: Assets/Week2/Scripts/MouseInteraction.cs
  artifactKey: Guid(d2fc8002621d5054aa0049f87552e11c) Importer(815301076,1909f56bfc062723c751e8b465ee728b)
Start importing Assets/Week2/Scripts/MouseInteraction.cs using Guid(d2fc8002621d5054aa0049f87552e11c) Importer(815301076,1909f56bfc062723c751e8b465ee728b)  -> (artifact id: '689276ba9ceb15049367dceda0cafbf1') in 0.010451 seconds
  Import took 0.031213 seconds .

========================================================================
Received Import Request.
  Time since last request: 12.815281 seconds.
  path: Assets/Week2/Scripts/2Player.cs
  artifactKey: Guid(50135f8cbe1b3724c835ad6b514c1da3) Importer(815301076,1909f56bfc062723c751e8b465ee728b)
Start importing Assets/Week2/Scripts/2Player.cs using Guid(50135f8cbe1b3724c835ad6b514c1da3) Importer(815301076,1909f56bfc062723c751e8b465ee728b)  -> (artifact id: '45cf47e91944583ba3745a232aff3fa2') in 0.030686 seconds
  Import took 0.050042 seconds .

========================================================================
Received Prepare
Registering precompiled user dll's ...
Registered in 0.000767 seconds.
Begin MonoManager ReloadAssembly
Native extension for WindowsStandalone target not found
Native extension for OSXStandalone target not found
Refreshing native plugins compatible for Editor in 0.22 ms, found 0 plugins.
Preloading 0 native plugins for Editor in 0.00 ms.
Mono: successfully reloaded assembly
- Completed reload, in  1.228 seconds
Platform modules already initialized, skipping
Refreshing native plugins compatible for Editor in 0.77 ms, found 0 plugins.
Preloading 0 native plugins for Editor in 0.00 ms.
Unloading 1111 Unused Serialized files (Serialized files now loaded: 0)
System memory in use before: 57.5 MB.
System memory in use after: 57.6 MB.

Unloading 5 unused Assets to reduce memory usage. Loaded Objects now: 1567.
Total: 2.602300 ms (FindLiveObjects: 0.132500 ms CreateObjectMapping: 0.036100 ms MarkObjects: 2.344200 ms  DeleteObjects: 0.088300 ms)

========================================================================
Received Import Request.
  Time since last request: 21.493991 seconds.
  path: Assets/Week2/Scripts/W2Player.cs
  artifactKey: Guid(84c61cf6b03bf52429fad219add108e9) Importer(815301076,1909f56bfc062723c751e8b465ee728b)
Start importing Assets/Week2/Scripts/W2Player.cs using Guid(84c61cf6b03bf52429fad219add108e9) Importer(815301076,1909f56bfc062723c751e8b465ee728b)  -> (artifact id: 'e314a210adbed0f69e05026dd444a560') in 0.057346 seconds
  Import took 0.088608 seconds .

========================================================================
Received Prepare
Registering precompiled user dll's ...
Registered in 0.000708 seconds.
Begin MonoManager ReloadAssembly
Native extension for WindowsStandalone target not found
Native extension for OSXStandalone target not found
Refreshing native plugins compatible for Editor in 0.59 ms, found 0 plugins.
Preloading 0 native plugins for Editor in 0.00 ms.
Mono: successfully reloaded assembly
- Completed reload, in  1.470 seconds
Platform modules already initialized, skipping
Refreshing native plugins compatible for Editor in 0.24 ms, found 0 plugins.
Preloading 0 native plugins for Editor in 0.00 ms.
Unloading 1112 Unused Serialized files (Serialized files now loaded: 0)
System memory in use before: 57.6 MB.
System memory in use after: 57.7 MB.

Unloading 5 unused Assets to reduce memory usage. Loaded Objects now: 1571.
Total: 2.559400 ms (FindLiveObjects: 0.319200 ms CreateObjectMapping: 0.123000 ms MarkObjects: 2.059900 ms  DeleteObjects: 0.055500 ms)

========================================================================
Received Prepare
Registering precompiled user dll's ...
Registered in 0.000700 seconds.
Begin MonoManager ReloadAssembly
Native extension for WindowsStandalone target not found
Native extension for OSXStandalone target not found
Refreshing native plugins compatible for Editor in 0.88 ms, found 0 plugins.
Preloading 0 native plugins for Editor in 0.00 ms.
Mono: successfully reloaded assembly
- Completed reload, in  1.364 seconds
Platform modules already initialized, skipping
Refreshing native plugins compatible for Editor in 0.30 ms, found 0 plugins.
Preloading 0 native plugins for Editor in 0.00 ms.
Unloading 1112 Unused Serialized files (Serialized files now loaded: 0)
System memory in use before: 57.6 MB.
System memory in use after: 57.7 MB.

Unloading 5 unused Assets to reduce memory usage. Loaded Objects now: 1574.
Total: 1.878600 ms (FindLiveObjects: 0.140100 ms CreateObjectMapping: 0.043000 ms MarkObjects: 1.639800 ms  DeleteObjects: 0.054300 ms)

========================================================================
Received Import Request.
  Time since last request: 64.040650 seconds.
  path: Assets/Week2/Scripts/W2Player.cs
  artifactKey: Guid(84c61cf6b03bf52429fad219add108e9) Importer(815301076,1909f56bfc062723c751e8b465ee728b)
Start importing Assets/Week2/Scripts/W2Player.cs using Guid(84c61cf6b03bf52429fad219add108e9) Importer(815301076,1909f56bfc062723c751e8b465ee728b)  -> (artifact id: 'f0774e1f0e96d281d2f103a44e63203c') in 0.010588 seconds
  Import took 0.033948 seconds .

========================================================================
Received Import Request.
  Time since last request: 4.513399 seconds.
  path: ProjectSettings/TagManager.asset
  artifactKey: Guid(00000000000000003000000000000000) Importer(815301076,1909f56bfc062723c751e8b465ee728b)
Start importing ProjectSettings/TagManager.asset using Guid(00000000000000003000000000000000) Importer(815301076,1909f56bfc062723c751e8b465ee728b)  -> (artifact id: 'ce6a35c3cddc746e7501c0bd0ed6d4ce') in 0.055811 seconds
  Import took 0.058958 seconds .

========================================================================
Received Prepare
Registering precompiled user dll's ...
Registered in 0.001882 seconds.
Begin MonoManager ReloadAssembly
Native extension for WindowsStandalone target not found
Native extension for OSXStandalone target not found
Refreshing native plugins compatible for Editor in 0.22 ms, found 0 plugins.
Preloading 0 native plugins for Editor in 0.00 ms.
Mono: successfully reloaded assembly
- Completed reload, in  1.167 seconds
Platform modules already initialized, skipping
Refreshing native plugins compatible for Editor in 0.27 ms, found 0 plugins.
Preloading 0 native plugins for Editor in 0.00 ms.
Unloading 1112 Unused Serialized files (Serialized files now loaded: 0)
System memory in use before: 57.6 MB.
System memory in use after: 57.7 MB.

Unloading 6 unused Assets to reduce memory usage. Loaded Objects now: 1577.
Total: 2.098900 ms (FindLiveObjects: 0.160400 ms CreateObjectMapping: 0.045200 ms MarkObjects: 1.830100 ms  DeleteObjects: 0.062200 ms)

========================================================================
Received Prepare
Registering precompiled user dll's ...
Registered in 0.000915 seconds.
Begin MonoManager ReloadAssembly
Native extension for WindowsStandalone target not found
Native extension for OSXStandalone target not found
Refreshing native plugins compatible for Editor in 0.25 ms, found 0 plugins.
Preloading 0 native plugins for Editor in 0.00 ms.
Mono: successfully reloaded assembly
- Completed reload, in  1.128 seconds
Platform modules already initialized, skipping
Refreshing native plugins compatible for Editor in 0.22 ms, found 0 plugins.
Preloading 0 native plugins for Editor in 0.00 ms.
Unloading 1112 Unused Serialized files (Serialized files now loaded: 0)
System memory in use before: 57.6 MB.
System memory in use after: 57.7 MB.

Unloading 5 unused Assets to reduce memory usage. Loaded Objects now: 1580.
Total: 1.776400 ms (FindLiveObjects: 0.142300 ms CreateObjectMapping: 0.034800 ms MarkObjects: 1.543200 ms  DeleteObjects: 0.054500 ms)

