Using pre-set license
Built from '2020.3/staging' branch; Version is '2020.3.9f1 (108be757e447) revision 1084391'; Using compiler version '192528614'; Build Type 'Release'
OS: 'Windows 10 Home; OS build 19043.1237; Version 2009; 64bit' Language: 'en' Physical Memory: 16348 MB
BatchMode: 1, IsHumanControllingUs: 0, StartBugReporterOnCrash: 0, Is64bit: 1, IsPro: 0

 COMMAND LINE ARGUMENTS:
C:\Program Files\Unity\Hub\Editor\2020.3.9f1\Editor\Unity.exe
-adb2
-batchMode
-noUpm
-name
AssetImportWorker3
-projectPath
F:/Connor Stuff/SAE/Game Design/GPG230/WeeklyPrototypes/GPG230-Connor-Younger/GPG230 Weekly Prototypes
-logFile
Logs/AssetImportWorker3.log
-srvPort
54191
Successfully changed project path to: F:/Connor Stuff/SAE/Game Design/GPG230/WeeklyPrototypes/GPG230-Connor-Younger/GPG230 Weekly Prototypes
F:/Connor Stuff/SAE/Game Design/GPG230/WeeklyPrototypes/GPG230-Connor-Younger/GPG230 Weekly Prototypes
Using Asset Import Pipeline V2.
Refreshing native plugins compatible for Editor in 40.28 ms, found 0 plugins.
Preloading 0 native plugins for Editor in 0.00 ms.
Initialize engine version: 2020.3.9f1 (108be757e447)
[Subsystems] Discovering subsystems at path C:/Program Files/Unity/Hub/Editor/2020.3.9f1/Editor/Data/Resources/UnitySubsystems
[Subsystems] Discovering subsystems at path F:/Connor Stuff/SAE/Game Design/GPG230/WeeklyPrototypes/GPG230-Connor-Younger/GPG230 Weekly Prototypes/Assets
GfxDevice: creating device client; threaded=0
Direct3D:
    Version:  Direct3D 11.0 [level 11.1]
    Renderer: NVIDIA GeForce GTX 1060 3GB (ID=0x1c02)
    Vendor:   
    VRAM:     2988 MB
    Driver:   30.0.14.7212
Initialize mono
Mono path[0] = 'C:/Program Files/Unity/Hub/Editor/2020.3.9f1/Editor/Data/Managed'
Mono path[1] = 'C:/Program Files/Unity/Hub/Editor/2020.3.9f1/Editor/Data/MonoBleedingEdge/lib/mono/unityjit'
Mono config path = 'C:/Program Files/Unity/Hub/Editor/2020.3.9f1/Editor/Data/MonoBleedingEdge/etc'
Using monoOptions --debugger-agent=transport=dt_socket,embedding=1,server=y,suspend=n,address=127.0.0.1:56760
Begin MonoManager ReloadAssembly
Registering precompiled unity dll's ...
Register platform support module: C:/Program Files/Unity/Hub/Editor/2020.3.9f1/Editor/Data/PlaybackEngines/MacStandaloneSupport/UnityEditor.OSXStandalone.Extensions.dll
Register platform support module: C:/Program Files/Unity/Hub/Editor/2020.3.9f1/Editor/Data/PlaybackEngines/WindowsStandaloneSupport/UnityEditor.WindowsStandalone.Extensions.dll
Registered in 0.002754 seconds.
Native extension for WindowsStandalone target not found
Native extension for OSXStandalone target not found
Refreshing native plugins compatible for Editor in 60.09 ms, found 0 plugins.
Preloading 0 native plugins for Editor in 0.00 ms.
Mono: successfully reloaded assembly
- Completed reload, in  6.557 seconds
Platform modules already initialized, skipping
Registering precompiled user dll's ...
Registered in 0.000858 seconds.
Begin MonoManager ReloadAssembly
Native extension for WindowsStandalone target not found
Native extension for OSXStandalone target not found
Refreshing native plugins compatible for Editor in 0.39 ms, found 0 plugins.
Preloading 0 native plugins for Editor in 0.00 ms.
Mono: successfully reloaded assembly
- Completed reload, in  1.943 seconds
Platform modules already initialized, skipping
========================================================================
Worker process is ready to serve import requests
Launched and connected shader compiler UnityShaderCompiler.exe after 0.56 seconds
Refreshing native plugins compatible for Editor in 0.34 ms, found 0 plugins.
Preloading 0 native plugins for Editor in 0.00 ms.
Unloading 1122 Unused Serialized files (Serialized files now loaded: 0)
System memory in use before: 70.2 MB.
System memory in use after: 70.3 MB.

Unloading 10 unused Assets to reduce memory usage. Loaded Objects now: 1578.
Total: 10.042300 ms (FindLiveObjects: 0.888400 ms CreateObjectMapping: 0.223400 ms MarkObjects: 8.807600 ms  DeleteObjects: 0.119900 ms)

========================================================================
Received Import Request.
  path: Assets/AssetStore/Mega Fantasy Props Pack/Example Scenes/Courtyard.unity
  artifactKey: Guid(25b375b2046bd8b4c816b087bca806f2) Importer(815301076,1909f56bfc062723c751e8b465ee728b)
Start importing Assets/AssetStore/Mega Fantasy Props Pack/Example Scenes/Courtyard.unity using Guid(25b375b2046bd8b4c816b087bca806f2) Importer(815301076,1909f56bfc062723c751e8b465ee728b)  -> (artifact id: '5c953fe5dd4912d2ad846ca6171bc2af') in 0.067518 seconds
  Import took 0.072736 seconds .

========================================================================
Received Import Request.
  Time since last request: 0.000670 seconds.
  path: Assets/AssetStore/Mega Fantasy Props Pack/Example Scenes/Beach.asset
  artifactKey: Guid(5ab3cfce59164bc4b92d44860a17097b) Importer(815301076,1909f56bfc062723c751e8b465ee728b)
Start importing Assets/AssetStore/Mega Fantasy Props Pack/Example Scenes/Beach.asset using Guid(5ab3cfce59164bc4b92d44860a17097b) Importer(815301076,1909f56bfc062723c751e8b465ee728b) Received signal SIGSEGV
Stack trace:
0x00007ff716b44f1a (Unity) CreateAssetToGUIDMappingV2
0x00007ff716aa7d20 (Unity) AssetDatabase::CreateAssetToGUIDMapping
0x00007ff7158b84d5 (Unity) SplatDatabase::CreateTerrainLayerAsset
0x00007ff7158b7190 (Unity) SplatDatabase::ConvertSplatsToTerrainLayers
0x00007ff7158b413c (Unity) SplatDatabase::AwakeFromLoad
0x00007ff7158feba6 (Unity) TerrainData::AwakeFromLoad
0x00007ff7154708ff (Unity) AwakeFromLoadQueue::InvokePersistentManagerAwake
0x00007ff715471252 (Unity) AwakeFromLoadQueue::PersistentManagerAwakeFromLoad
0x00007ff7154713da (Unity) AwakeFromLoadQueue::PersistentManagerAwakeFromLoad
0x00007ff7153fcafe (Unity) PersistentManager::IntegrateAllThreadedObjects
0x00007ff7153fd517 (Unity) PersistentManager::LoadAndIntegrateAllPreallocatedObjects
0x00007ff715400a63 (Unity) PersistentManager::ReadObject
0x00007ff716aa05d1 (Unity) WritePreviews
0x00007ff716a9a48e (Unity) PreviewImporter::GenerateAssetData
0x00007ff716b89e89 (Unity) ImportToObjects
0x00007ff716b88f99 (Unity) ImportAsset
0x00007ff716aeb108 (Unity) AssetImportWorker::Import
0x00007ff716b3efef (Unity) <lambda_e7e5f5e49556456463706cfa5dd72d0a>::operator()
0x00007ff716be1f52 (Unity) asio::detail::completion_handler<core::mutable_function<void __cdecl(void)> >::do_complete
0x00007ff716be40b0 (Unity) asio::detail::win_iocp_io_service::do_one
0x00007ff716be783e (Unity) asio::io_service::run
0x00007ff716b6aeeb (Unity) RunAssetImportWorkerClientV2
0x00007ff716b6af40 (Unity) RunAssetImporterV2
0x00007ff71605c0c6 (Unity) Application::InitializeProject
0x00007ff7169dfa12 (Unity) WinMain
0x00007ff718830ef6 (Unity) __scrt_common_main_seh
0x00007ffdfe7a7034 (KERNEL32) BaseThreadInitThunk
0x00007ffdfffc2651 (ntdll) RtlUserThreadStart

