Using pre-set license
Built from '2020.3/staging' branch; Version is '2020.3.9f1 (108be757e447) revision 1084391'; Using compiler version '192528614'; Build Type 'Release'
OS: 'Windows 10 Home; OS build 19043.1237; Version 2009; 64bit' Language: 'en' Physical Memory: 16348 MB
BatchMode: 1, IsHumanControllingUs: 0, StartBugReporterOnCrash: 0, Is64bit: 1, IsPro: 0

 COMMAND LINE ARGUMENTS:
C:\Program Files\Unity\Hub\Editor\2020.3.9f1\Editor\Unity.exe
-adb2
-batchMode
-noUpm
-name
AssetImportWorker14
-projectPath
F:/Connor Stuff/SAE/Game Design/GPG230/WeeklyPrototypes/GPG230-Connor-Younger/GPG230 Weekly Prototypes
-logFile
Logs/AssetImportWorker14.log
-srvPort
54191
Successfully changed project path to: F:/Connor Stuff/SAE/Game Design/GPG230/WeeklyPrototypes/GPG230-Connor-Younger/GPG230 Weekly Prototypes
F:/Connor Stuff/SAE/Game Design/GPG230/WeeklyPrototypes/GPG230-Connor-Younger/GPG230 Weekly Prototypes
Using Asset Import Pipeline V2.
Refreshing native plugins compatible for Editor in 174.88 ms, found 0 plugins.
Preloading 0 native plugins for Editor in 0.00 ms.
Initialize engine version: 2020.3.9f1 (108be757e447)
[Subsystems] Discovering subsystems at path C:/Program Files/Unity/Hub/Editor/2020.3.9f1/Editor/Data/Resources/UnitySubsystems
[Subsystems] Discovering subsystems at path F:/Connor Stuff/SAE/Game Design/GPG230/WeeklyPrototypes/GPG230-Connor-Younger/GPG230 Weekly Prototypes/Assets
GfxDevice: creating device client; threaded=0
Direct3D:
    Version:  Direct3D 11.0 [level 11.1]
    Renderer: NVIDIA GeForce GTX 1060 3GB (ID=0x1c02)
    Vendor:   
    VRAM:     2988 MB
    Driver:   30.0.14.7212
Initialize mono
Mono path[0] = 'C:/Program Files/Unity/Hub/Editor/2020.3.9f1/Editor/Data/Managed'
Mono path[1] = 'C:/Program Files/Unity/Hub/Editor/2020.3.9f1/Editor/Data/MonoBleedingEdge/lib/mono/unityjit'
Mono config path = 'C:/Program Files/Unity/Hub/Editor/2020.3.9f1/Editor/Data/MonoBleedingEdge/etc'
Using monoOptions --debugger-agent=transport=dt_socket,embedding=1,server=y,suspend=n,address=127.0.0.1:56192
Begin MonoManager ReloadAssembly
Registering precompiled unity dll's ...
Register platform support module: C:/Program Files/Unity/Hub/Editor/2020.3.9f1/Editor/Data/PlaybackEngines/MacStandaloneSupport/UnityEditor.OSXStandalone.Extensions.dll
Register platform support module: C:/Program Files/Unity/Hub/Editor/2020.3.9f1/Editor/Data/PlaybackEngines/WindowsStandaloneSupport/UnityEditor.WindowsStandalone.Extensions.dll
Registered in 0.003609 seconds.
Native extension for WindowsStandalone target not found
Native extension for OSXStandalone target not found
Refreshing native plugins compatible for Editor in 99.83 ms, found 0 plugins.
Preloading 0 native plugins for Editor in 0.00 ms.
Mono: successfully reloaded assembly
- Completed reload, in 10.561 seconds
Platform modules already initialized, skipping
Registering precompiled user dll's ...
Registered in 0.001596 seconds.
Begin MonoManager ReloadAssembly
Native extension for WindowsStandalone target not found
Native extension for OSXStandalone target not found
Refreshing native plugins compatible for Editor in 0.69 ms, found 0 plugins.
Preloading 0 native plugins for Editor in 0.00 ms.
Mono: successfully reloaded assembly
- Completed reload, in  2.322 seconds
Platform modules already initialized, skipping
========================================================================
Worker process is ready to serve import requests
Launched and connected shader compiler UnityShaderCompiler.exe after 0.76 seconds
Refreshing native plugins compatible for Editor in 0.99 ms, found 0 plugins.
Preloading 0 native plugins for Editor in 0.00 ms.
Unloading 1407 Unused Serialized files (Serialized files now loaded: 0)
System memory in use before: 90.4 MB.
System memory in use after: 90.4 MB.

Unloading 11 unused Assets to reduce memory usage. Loaded Objects now: 1866.
Total: 8.365000 ms (FindLiveObjects: 0.278500 ms CreateObjectMapping: 0.123200 ms MarkObjects: 7.830300 ms  DeleteObjects: 0.130800 ms)

========================================================================
Received Import Request.
  path: Assets/AssetStore/Mega Fantasy Props Pack/Prefabs/Tables/bedside_table.002.prefab
  artifactKey: Guid(0caf0d4823fcc7a4bb64144f3b4469fb) Importer(815301076,1909f56bfc062723c751e8b465ee728b)
Start importing Assets/AssetStore/Mega Fantasy Props Pack/Prefabs/Tables/bedside_table.002.prefab using Guid(0caf0d4823fcc7a4bb64144f3b4469fb) Importer(815301076,1909f56bfc062723c751e8b465ee728b)  -> (artifact id: 'af0c46afa3d8a1f01029279fbc892e84') in 1.004093 seconds
  Import took 1.070084 seconds .

========================================================================
Received Import Request.
  Time since last request: 0.000323 seconds.
  path: Assets/AssetStore/Mega Fantasy Props Pack/Prefabs/Tables/table.prefab
  artifactKey: Guid(c544c58272b03294ebe7a1babe149792) Importer(815301076,1909f56bfc062723c751e8b465ee728b)
Start importing Assets/AssetStore/Mega Fantasy Props Pack/Prefabs/Tables/table.prefab using Guid(c544c58272b03294ebe7a1babe149792) Importer(815301076,1909f56bfc062723c751e8b465ee728b)  -> (artifact id: '564624ee9da21c4e7ec034cc99be5117') in 0.234929 seconds
  Import took 0.266026 seconds .

========================================================================
Received Import Request.
  Time since last request: 0.000536 seconds.
  path: Assets/AssetStore/Mega Fantasy Props Pack/Prefabs/Tables/table.003.prefab
  artifactKey: Guid(3830693df886e8948a6eb6f9b756916d) Importer(815301076,1909f56bfc062723c751e8b465ee728b)
Start importing Assets/AssetStore/Mega Fantasy Props Pack/Prefabs/Tables/table.003.prefab using Guid(3830693df886e8948a6eb6f9b756916d) Importer(815301076,1909f56bfc062723c751e8b465ee728b)  -> (artifact id: '83cf91edc9ecdbfcc6cbfdc787a927d1') in 0.041276 seconds
  Import took 0.084575 seconds .

========================================================================
Received Import Request.
  Time since last request: 0.000797 seconds.
  path: Assets/AssetStore/Mega Fantasy Props Pack/Prefabs/Tables/bedside_table.prefab
  artifactKey: Guid(cb72f022f1a7115419cafb5ff29794a3) Importer(815301076,1909f56bfc062723c751e8b465ee728b)
Start importing Assets/AssetStore/Mega Fantasy Props Pack/Prefabs/Tables/bedside_table.prefab using Guid(cb72f022f1a7115419cafb5ff29794a3) Importer(815301076,1909f56bfc062723c751e8b465ee728b)  -> (artifact id: 'f6ad8146ec55cabba8c5e915fc2ac275') in 0.255514 seconds
  Import took 0.276275 seconds .

========================================================================
Received Import Request.
  Time since last request: 0.000434 seconds.
  path: Assets/AssetStore/Mega Fantasy Props Pack/Prefabs/Tables/bedside_table.001.prefab
  artifactKey: Guid(23e4917209654d2429c3955900bdee6c) Importer(815301076,1909f56bfc062723c751e8b465ee728b)
Start importing Assets/AssetStore/Mega Fantasy Props Pack/Prefabs/Tables/bedside_table.001.prefab using Guid(23e4917209654d2429c3955900bdee6c) Importer(815301076,1909f56bfc062723c751e8b465ee728b)  -> (artifact id: 'be1d32b38fbde866487a9ba89bb5c775') in 0.033559 seconds
  Import took 0.053327 seconds .

========================================================================
Received Import Request.
  Time since last request: 0.000327 seconds.
  path: Assets/AssetStore/Mega Fantasy Props Pack/Prefabs/Tables/table.005.prefab
  artifactKey: Guid(861484977034f89419f6311ff123a574) Importer(815301076,1909f56bfc062723c751e8b465ee728b)
Start importing Assets/AssetStore/Mega Fantasy Props Pack/Prefabs/Tables/table.005.prefab using Guid(861484977034f89419f6311ff123a574) Importer(815301076,1909f56bfc062723c751e8b465ee728b)  -> (artifact id: 'ac90bc18a220a95bf09d8ba0f09c36ff') in 0.105799 seconds
  Import took 0.116514 seconds .

========================================================================
Received Import Request.
  Time since last request: 0.000221 seconds.
  path: Assets/AssetStore/Mega Fantasy Props Pack/Prefabs/Tables/table.002.prefab
  artifactKey: Guid(7924c58951d065e41a642120f0e71713) Importer(815301076,1909f56bfc062723c751e8b465ee728b)
Start importing Assets/AssetStore/Mega Fantasy Props Pack/Prefabs/Tables/table.002.prefab using Guid(7924c58951d065e41a642120f0e71713) Importer(815301076,1909f56bfc062723c751e8b465ee728b)  -> (artifact id: '80b06c94f0a8ea2f8810f0e7079a1a4d') in 0.119430 seconds
  Import took 0.143627 seconds .

========================================================================
Received Import Request.
  Time since last request: 0.000278 seconds.
  path: Assets/AssetStore/Mega Fantasy Props Pack/Prefabs/Tables
  artifactKey: Guid(9c06de79a5e947e429d0fab506b5ffea) Importer(815301076,1909f56bfc062723c751e8b465ee728b)
Start importing Assets/AssetStore/Mega Fantasy Props Pack/Prefabs/Tables using Guid(9c06de79a5e947e429d0fab506b5ffea) Importer(815301076,1909f56bfc062723c751e8b465ee728b)  -> (artifact id: 'a71f36799b9b901407dc85b8dcbc4ccd') in 0.018099 seconds
  Import took 0.041610 seconds .

========================================================================
Received Import Request.
  Time since last request: 0.000390 seconds.
  path: Assets/AssetStore/Mega Fantasy Props Pack/Prefabs/Tables/table.004.prefab
  artifactKey: Guid(f4952206a68af1d469faf4d40de936bd) Importer(815301076,1909f56bfc062723c751e8b465ee728b)
Start importing Assets/AssetStore/Mega Fantasy Props Pack/Prefabs/Tables/table.004.prefab using Guid(f4952206a68af1d469faf4d40de936bd) Importer(815301076,1909f56bfc062723c751e8b465ee728b)  -> (artifact id: '160dd85c07f672a496278fe8a8579144') in 0.113701 seconds
  Import took 0.131473 seconds .

========================================================================
Received Import Request.
  Time since last request: 36.538861 seconds.
  path: Assets/AssetStore/Mega Fantasy Props Pack/Prefabs/Storage
  artifactKey: Guid(7b769f3f2a3d6474c9133bc303c3edee) Importer(815301076,1909f56bfc062723c751e8b465ee728b)
Start importing Assets/AssetStore/Mega Fantasy Props Pack/Prefabs/Storage using Guid(7b769f3f2a3d6474c9133bc303c3edee) Importer(815301076,1909f56bfc062723c751e8b465ee728b)  -> (artifact id: 'ce84b555a5c6bd00bbc0f2ee02ce6ffe') in 0.010125 seconds
  Import took 0.063309 seconds .

========================================================================
Received Import Request.
  Time since last request: 0.005654 seconds.
  path: Assets/AssetStore/Mega Fantasy Props Pack/Prefabs/Storage/chest.prefab
  artifactKey: Guid(94a4e3eafbc7e2942931221d56b6e8d6) Importer(815301076,1909f56bfc062723c751e8b465ee728b)
Start importing Assets/AssetStore/Mega Fantasy Props Pack/Prefabs/Storage/chest.prefab using Guid(94a4e3eafbc7e2942931221d56b6e8d6) Importer(815301076,1909f56bfc062723c751e8b465ee728b)  -> (artifact id: 'e46ea1deb2a02f6f135e2a0db3ab9638') in 1.095272 seconds
  Import took 1.100640 seconds .

========================================================================
Received Import Request.
  Time since last request: 0.000260 seconds.
  path: Assets/AssetStore/Mega Fantasy Props Pack/Prefabs/Storage/shelf.001.prefab
  artifactKey: Guid(b62a06d8e5f0af046833b04abd1e57c0) Importer(815301076,1909f56bfc062723c751e8b465ee728b)
Start importing Assets/AssetStore/Mega Fantasy Props Pack/Prefabs/Storage/shelf.001.prefab using Guid(b62a06d8e5f0af046833b04abd1e57c0) Importer(815301076,1909f56bfc062723c751e8b465ee728b)  -> (artifact id: '15cd12ec154e8a369a24b267525499fc') in 0.187747 seconds
  Import took 0.194485 seconds .

========================================================================
Received Import Request.
  Time since last request: 0.000284 seconds.
  path: Assets/AssetStore/Mega Fantasy Props Pack/Prefabs/Storage/shelf.prefab
  artifactKey: Guid(200d0a8368bd3c547bcad5a9f5a3a15d) Importer(815301076,1909f56bfc062723c751e8b465ee728b)
Start importing Assets/AssetStore/Mega Fantasy Props Pack/Prefabs/Storage/shelf.prefab using Guid(200d0a8368bd3c547bcad5a9f5a3a15d) Importer(815301076,1909f56bfc062723c751e8b465ee728b)  -> (artifact id: 'd9bcf8525201c382375b2e79a412b6c9') in 0.397475 seconds
  Import took 0.443505 seconds .

========================================================================
Received Import Request.
  Time since last request: 0.000278 seconds.
  path: Assets/AssetStore/Mega Fantasy Props Pack/Prefabs/Storage/gabinet.prefab
  artifactKey: Guid(b2104cd97435ca840ad296caa01cb4ff) Importer(815301076,1909f56bfc062723c751e8b465ee728b)
Start importing Assets/AssetStore/Mega Fantasy Props Pack/Prefabs/Storage/gabinet.prefab using Guid(b2104cd97435ca840ad296caa01cb4ff) Importer(815301076,1909f56bfc062723c751e8b465ee728b)  -> (artifact id: '6e9f02cc481455906130ea88aca7f97f') in 0.332030 seconds
  Import took 0.340354 seconds .

========================================================================
Received Import Request.
  Time since last request: 0.008890 seconds.
  path: Assets/AssetStore/Mega Fantasy Props Pack/Prefabs/Storage/cupboard.001.prefab
  artifactKey: Guid(aa0009ae7dd83014bae59d3b7b9e2134) Importer(815301076,1909f56bfc062723c751e8b465ee728b)
Start importing Assets/AssetStore/Mega Fantasy Props Pack/Prefabs/Storage/cupboard.001.prefab using Guid(aa0009ae7dd83014bae59d3b7b9e2134) Importer(815301076,1909f56bfc062723c751e8b465ee728b)  -> (artifact id: '603297a4e0f3e27e3fc37a014e890e9f') in 0.204960 seconds
  Import took 0.220770 seconds .

========================================================================
Received Import Request.
  Time since last request: 0.000209 seconds.
  path: Assets/AssetStore/Mega Fantasy Props Pack/Prefabs/Storage/cupboard.002.prefab
  artifactKey: Guid(3cdde60b1f6962c49929ebd07f7284ec) Importer(815301076,1909f56bfc062723c751e8b465ee728b)
Start importing Assets/AssetStore/Mega Fantasy Props Pack/Prefabs/Storage/cupboard.002.prefab using Guid(3cdde60b1f6962c49929ebd07f7284ec) Importer(815301076,1909f56bfc062723c751e8b465ee728b)  -> (artifact id: '1541be69b21f4bdba0d6abe1119591b1') in 0.094567 seconds
  Import took 0.124573 seconds .

========================================================================
Received Import Request.
  Time since last request: 0.000907 seconds.
  path: Assets/AssetStore/Mega Fantasy Props Pack/Prefabs/Storage/crate.prefab
  artifactKey: Guid(c544f22775dffd641b35be9b929052d1) Importer(815301076,1909f56bfc062723c751e8b465ee728b)
Start importing Assets/AssetStore/Mega Fantasy Props Pack/Prefabs/Storage/crate.prefab using Guid(c544f22775dffd641b35be9b929052d1) Importer(815301076,1909f56bfc062723c751e8b465ee728b)  -> (artifact id: 'db5826806af80833a2c02c5e9d396aa6') in 0.142043 seconds
  Import took 0.151378 seconds .

========================================================================
Received Import Request.
  Time since last request: 0.000253 seconds.
  path: Assets/AssetStore/Mega Fantasy Props Pack/Prefabs/Storage/cupboard.prefab
  artifactKey: Guid(a5d3bb1b5f474bd46b01dad20147a6be) Importer(815301076,1909f56bfc062723c751e8b465ee728b)
Start importing Assets/AssetStore/Mega Fantasy Props Pack/Prefabs/Storage/cupboard.prefab using Guid(a5d3bb1b5f474bd46b01dad20147a6be) Importer(815301076,1909f56bfc062723c751e8b465ee728b)  -> (artifact id: '747eb2e9f46744c20dd92e1f3e4e4a00') in 0.104243 seconds
  Import took 0.121467 seconds .

========================================================================
Received Import Request.
  Time since last request: 0.000208 seconds.
  path: Assets/AssetStore/Mega Fantasy Props Pack/Prefabs/Storage/crate.001.prefab
  artifactKey: Guid(9d9dd1cff3cb5e147b732da5712b7587) Importer(815301076,1909f56bfc062723c751e8b465ee728b)
Start importing Assets/AssetStore/Mega Fantasy Props Pack/Prefabs/Storage/crate.001.prefab using Guid(9d9dd1cff3cb5e147b732da5712b7587) Importer(815301076,1909f56bfc062723c751e8b465ee728b)  -> (artifact id: '8cde4d8cbcd6d5d6d96a9800809f6105') in 0.118484 seconds
  Import took 0.140176 seconds .

========================================================================
Received Import Request.
  Time since last request: 0.000530 seconds.
  path: Assets/AssetStore/Mega Fantasy Props Pack/Prefabs/Storage/gabinet.001.prefab
  artifactKey: Guid(23942876fd996034c89ed1b82cc8516f) Importer(815301076,1909f56bfc062723c751e8b465ee728b)
Start importing Assets/AssetStore/Mega Fantasy Props Pack/Prefabs/Storage/gabinet.001.prefab using Guid(23942876fd996034c89ed1b82cc8516f) Importer(815301076,1909f56bfc062723c751e8b465ee728b)  -> (artifact id: '215909aecaef1237e2330ec95f566688') in 0.136719 seconds
  Import took 0.144557 seconds .

========================================================================
Received Import Request.
  Time since last request: 0.010955 seconds.
  path: Assets/AssetStore/Mega Fantasy Props Pack/Prefabs/Storage/gabinet.001.prefab
  artifactKey: Guid(23942876fd996034c89ed1b82cc8516f) Importer(815301076,1909f56bfc062723c751e8b465ee728b)
Start importing Assets/AssetStore/Mega Fantasy Props Pack/Prefabs/Storage/gabinet.001.prefab using Guid(23942876fd996034c89ed1b82cc8516f) Importer(815301076,1909f56bfc062723c751e8b465ee728b)  -> (artifact id: '215909aecaef1237e2330ec95f566688') in 0.086397 seconds
  Import took 0.097187 seconds .

========================================================================
Received Import Request.
  Time since last request: 104.721598 seconds.
  path: Assets/AssetStore/Mega Fantasy Props Pack/Prefabs/Miscellaneous/Boxes
  artifactKey: Guid(3d9c8c95f245490479f6e640d2537098) Importer(815301076,1909f56bfc062723c751e8b465ee728b)
Start importing Assets/AssetStore/Mega Fantasy Props Pack/Prefabs/Miscellaneous/Boxes using Guid(3d9c8c95f245490479f6e640d2537098) Importer(815301076,1909f56bfc062723c751e8b465ee728b)  -> (artifact id: '44ecde4e9aeed5a445d56b5de647cf23') in 0.118380 seconds
  Import took 0.125355 seconds .

========================================================================
Received Import Request.
  Time since last request: 0.000491 seconds.
  path: Assets/AssetStore/Mega Fantasy Props Pack/Prefabs/Miscellaneous/Boxes/box.001.prefab
  artifactKey: Guid(b6782772acd9f1940a6d3fd9e7d473a1) Importer(815301076,1909f56bfc062723c751e8b465ee728b)
Start importing Assets/AssetStore/Mega Fantasy Props Pack/Prefabs/Miscellaneous/Boxes/box.001.prefab using Guid(b6782772acd9f1940a6d3fd9e7d473a1) Importer(815301076,1909f56bfc062723c751e8b465ee728b)  -> (artifact id: '735299f67322f99945b8444ee0a99ebf') in 0.510620 seconds
  Import took 0.515075 seconds .

========================================================================
Received Import Request.
  Time since last request: 0.000384 seconds.
  path: Assets/AssetStore/Mega Fantasy Props Pack/Prefabs/Miscellaneous/Boxes/box.prefab
  artifactKey: Guid(46d70a8a42a59914883c9d2ea16b6a14) Importer(815301076,1909f56bfc062723c751e8b465ee728b)
Start importing Assets/AssetStore/Mega Fantasy Props Pack/Prefabs/Miscellaneous/Boxes/box.prefab using Guid(46d70a8a42a59914883c9d2ea16b6a14) Importer(815301076,1909f56bfc062723c751e8b465ee728b)  -> (artifact id: '5fc09905d2748cf52f452b8388d33af0') in 0.139799 seconds
  Import took 0.164066 seconds .

========================================================================
Received Import Request.
  Time since last request: 0.000274 seconds.
  path: Assets/AssetStore/Mega Fantasy Props Pack/Prefabs/Miscellaneous/Boxes/box.002.prefab
  artifactKey: Guid(14db6918458cd19409fdc957eaff14c8) Importer(815301076,1909f56bfc062723c751e8b465ee728b)
Start importing Assets/AssetStore/Mega Fantasy Props Pack/Prefabs/Miscellaneous/Boxes/box.002.prefab using Guid(14db6918458cd19409fdc957eaff14c8) Importer(815301076,1909f56bfc062723c751e8b465ee728b)  -> (artifact id: '216327f0ac3f8b6e0277ba8843c49f60') in 0.184877 seconds
  Import took 0.192722 seconds .

========================================================================
Received Import Request.
  Time since last request: 0.000642 seconds.
  path: Assets/AssetStore/Mega Fantasy Props Pack/Prefabs/Miscellaneous/Boxes/box.005.prefab
  artifactKey: Guid(2109f9c31f22b2b438ccf814600ff572) Importer(815301076,1909f56bfc062723c751e8b465ee728b)
Start importing Assets/AssetStore/Mega Fantasy Props Pack/Prefabs/Miscellaneous/Boxes/box.005.prefab using Guid(2109f9c31f22b2b438ccf814600ff572) Importer(815301076,1909f56bfc062723c751e8b465ee728b)  -> (artifact id: 'd0413f5e84f3409e9e8056dc53bacb56') in 0.108128 seconds
  Import took 0.165262 seconds .

========================================================================
Received Import Request.
  Time since last request: 0.000622 seconds.
  path: Assets/AssetStore/Mega Fantasy Props Pack/Prefabs/Miscellaneous/Boxes/box.003.prefab
  artifactKey: Guid(159ade316b0b6bc4d85bad139883e2c1) Importer(815301076,1909f56bfc062723c751e8b465ee728b)
Start importing Assets/AssetStore/Mega Fantasy Props Pack/Prefabs/Miscellaneous/Boxes/box.003.prefab using Guid(159ade316b0b6bc4d85bad139883e2c1) Importer(815301076,1909f56bfc062723c751e8b465ee728b)  -> (artifact id: 'c2e196937ae68d1ad62d5a1ddb1a1505') in 0.098247 seconds
  Import took 0.102497 seconds .

========================================================================
Received Import Request.
  Time since last request: 0.000228 seconds.
  path: Assets/AssetStore/Mega Fantasy Props Pack/Prefabs/Miscellaneous/Boxes/box.004.prefab
  artifactKey: Guid(0645959ee12a3f244bc08f72e9a4d0d0) Importer(815301076,1909f56bfc062723c751e8b465ee728b)
Start importing Assets/AssetStore/Mega Fantasy Props Pack/Prefabs/Miscellaneous/Boxes/box.004.prefab using Guid(0645959ee12a3f244bc08f72e9a4d0d0) Importer(815301076,1909f56bfc062723c751e8b465ee728b)  -> (artifact id: 'b13f62c54de13baf7ebdb07554158e42') in 0.088275 seconds
  Import took 0.096488 seconds .

========================================================================
Received Import Request.
  Time since last request: 22.454428 seconds.
  path: Assets/AssetStore/Mega Fantasy Props Pack/Prefabs/Miscellaneous/Cutting boards
  artifactKey: Guid(1d7ac24ad0121b54e97520125785905a) Importer(815301076,1909f56bfc062723c751e8b465ee728b)
Start importing Assets/AssetStore/Mega Fantasy Props Pack/Prefabs/Miscellaneous/Cutting boards using Guid(1d7ac24ad0121b54e97520125785905a) Importer(815301076,1909f56bfc062723c751e8b465ee728b)  -> (artifact id: 'e5c190685a0b84da648008cc019b544a') in 0.015530 seconds
  Import took 0.019269 seconds .

========================================================================
Received Import Request.
  Time since last request: 0.068275 seconds.
  path: Assets/AssetStore/Mega Fantasy Props Pack/Prefabs/Miscellaneous/Cutting boards/cutting_board.001.prefab
  artifactKey: Guid(316ffa5fed704fc45acdd3df5daa074e) Importer(815301076,1909f56bfc062723c751e8b465ee728b)
Start importing Assets/AssetStore/Mega Fantasy Props Pack/Prefabs/Miscellaneous/Cutting boards/cutting_board.001.prefab using Guid(316ffa5fed704fc45acdd3df5daa074e) Importer(815301076,1909f56bfc062723c751e8b465ee728b)  -> (artifact id: '1a662383feeb5a1e6fa46eeb2ee286fa') in 0.065812 seconds
  Import took 0.226835 seconds .

========================================================================
Received Import Request.
  Time since last request: 0.000239 seconds.
  path: Assets/AssetStore/Mega Fantasy Props Pack/Prefabs/Miscellaneous/Cutting boards/cutting_board.prefab
  artifactKey: Guid(97146aeb07f5fe94f8fde5837fddb81f) Importer(815301076,1909f56bfc062723c751e8b465ee728b)
Start importing Assets/AssetStore/Mega Fantasy Props Pack/Prefabs/Miscellaneous/Cutting boards/cutting_board.prefab using Guid(97146aeb07f5fe94f8fde5837fddb81f) Importer(815301076,1909f56bfc062723c751e8b465ee728b)  -> (artifact id: '01dfe632c9ded550e301ae78b8ae8d76') in 0.188648 seconds
  Import took 0.207660 seconds .

========================================================================
Received Import Request.
  Time since last request: 0.000191 seconds.
  path: Assets/AssetStore/Mega Fantasy Props Pack/Prefabs/Miscellaneous/Cutting boards/cutting_board.002.prefab
  artifactKey: Guid(cc0a44e9d45104741a68a9f84c928000) Importer(815301076,1909f56bfc062723c751e8b465ee728b)
Start importing Assets/AssetStore/Mega Fantasy Props Pack/Prefabs/Miscellaneous/Cutting boards/cutting_board.002.prefab using Guid(cc0a44e9d45104741a68a9f84c928000) Importer(815301076,1909f56bfc062723c751e8b465ee728b)  -> (artifact id: '47684a158f980da7beb0ae7819dc2f95') in 0.097635 seconds
  Import took 0.104280 seconds .

========================================================================
Received Import Request.
  Time since last request: 10.128557 seconds.
  path: Assets/AssetStore/Mega Fantasy Props Pack/Prefabs/Miscellaneous/On Table
  artifactKey: Guid(347769aa0a7e76647981bd802ceed34a) Importer(815301076,1909f56bfc062723c751e8b465ee728b)
Start importing Assets/AssetStore/Mega Fantasy Props Pack/Prefabs/Miscellaneous/On Table using Guid(347769aa0a7e76647981bd802ceed34a) Importer(815301076,1909f56bfc062723c751e8b465ee728b)  -> (artifact id: '4f89f03bdb71eca2dd7ac1f6d51e43ef') in 0.040841 seconds
  Import took 0.134474 seconds .

========================================================================
Received Import Request.
  Time since last request: 0.000335 seconds.
  path: Assets/AssetStore/Mega Fantasy Props Pack/Prefabs/Miscellaneous/On Table/bottle.002.prefab
  artifactKey: Guid(bc5187e58fabe484389c4fcd74a3036b) Importer(815301076,1909f56bfc062723c751e8b465ee728b)
Start importing Assets/AssetStore/Mega Fantasy Props Pack/Prefabs/Miscellaneous/On Table/bottle.002.prefab using Guid(bc5187e58fabe484389c4fcd74a3036b) Importer(815301076,1909f56bfc062723c751e8b465ee728b)  -> (artifact id: '619a7487dd2723cf80da25e5ff8c81ec') in 0.511516 seconds
  Import took 0.518588 seconds .

========================================================================
Received Import Request.
  Time since last request: 0.008083 seconds.
  path: Assets/AssetStore/Mega Fantasy Props Pack/Prefabs/Miscellaneous/On Table/pot.prefab
  artifactKey: Guid(64eafbb696cff75488acb043b0cbfa09) Importer(815301076,1909f56bfc062723c751e8b465ee728b)
Start importing Assets/AssetStore/Mega Fantasy Props Pack/Prefabs/Miscellaneous/On Table/pot.prefab using Guid(64eafbb696cff75488acb043b0cbfa09) Importer(815301076,1909f56bfc062723c751e8b465ee728b)  -> (artifact id: '3a7797ba0fc8e4267feb1050c5def0b7') in 0.166456 seconds
  Import took 0.170061 seconds .

========================================================================
Received Import Request.
  Time since last request: 0.000224 seconds.
  path: Assets/AssetStore/Mega Fantasy Props Pack/Prefabs/Miscellaneous/On Table/frying_pan.prefab
  artifactKey: Guid(1eae8fbe9ba658a4c940bdf84fc8bbb4) Importer(815301076,1909f56bfc062723c751e8b465ee728b)
Start importing Assets/AssetStore/Mega Fantasy Props Pack/Prefabs/Miscellaneous/On Table/frying_pan.prefab using Guid(1eae8fbe9ba658a4c940bdf84fc8bbb4) Importer(815301076,1909f56bfc062723c751e8b465ee728b)  -> (artifact id: '694a1fff4645e59e2ce47ca679aefbcc') in 0.081335 seconds
  Import took 0.102131 seconds .

========================================================================
Received Import Request.
  Time since last request: 0.000195 seconds.
  path: Assets/AssetStore/Mega Fantasy Props Pack/Prefabs/Miscellaneous/On Table/bowl.prefab
  artifactKey: Guid(21d73da8e6fe0ab4f944b3154402edfd) Importer(815301076,1909f56bfc062723c751e8b465ee728b)
Start importing Assets/AssetStore/Mega Fantasy Props Pack/Prefabs/Miscellaneous/On Table/bowl.prefab using Guid(21d73da8e6fe0ab4f944b3154402edfd) Importer(815301076,1909f56bfc062723c751e8b465ee728b)  -> (artifact id: 'a874c41988863eda6fcf46fc9974a8c8') in 0.111472 seconds
  Import took 0.116326 seconds .

========================================================================
Received Import Request.
  Time since last request: 0.000206 seconds.
  path: Assets/AssetStore/Mega Fantasy Props Pack/Prefabs/Miscellaneous/On Table/pot.001.prefab
  artifactKey: Guid(9605b29a3bb859044b915908ef299a64) Importer(815301076,1909f56bfc062723c751e8b465ee728b)
Start importing Assets/AssetStore/Mega Fantasy Props Pack/Prefabs/Miscellaneous/On Table/pot.001.prefab using Guid(9605b29a3bb859044b915908ef299a64) Importer(815301076,1909f56bfc062723c751e8b465ee728b)  -> (artifact id: 'f49b58e2afc470ee1525d33cb3b5dbc7') in 0.093911 seconds
  Import took 0.100307 seconds .

========================================================================
Received Import Request.
  Time since last request: 0.000300 seconds.
  path: Assets/AssetStore/Mega Fantasy Props Pack/Prefabs/Miscellaneous/On Table/fork.prefab
  artifactKey: Guid(0c193cda4d1652a4985c0bd1a14f6a28) Importer(815301076,1909f56bfc062723c751e8b465ee728b)
Start importing Assets/AssetStore/Mega Fantasy Props Pack/Prefabs/Miscellaneous/On Table/fork.prefab using Guid(0c193cda4d1652a4985c0bd1a14f6a28) Importer(815301076,1909f56bfc062723c751e8b465ee728b)  -> (artifact id: 'b5b8d1677df607a40a28e33f24379b0b') in 0.074252 seconds
  Import took 0.087654 seconds .

========================================================================
Received Import Request.
  Time since last request: 0.000281 seconds.
  path: Assets/AssetStore/Mega Fantasy Props Pack/Prefabs/Miscellaneous/On Table/plate.prefab
  artifactKey: Guid(06570ef7d42fd0940a7181d33ef3e3e2) Importer(815301076,1909f56bfc062723c751e8b465ee728b)
Start importing Assets/AssetStore/Mega Fantasy Props Pack/Prefabs/Miscellaneous/On Table/plate.prefab using Guid(06570ef7d42fd0940a7181d33ef3e3e2) Importer(815301076,1909f56bfc062723c751e8b465ee728b)  -> (artifact id: '848b37d544a907f5905ca2f27768484a') in 0.092308 seconds
  Import took 0.099686 seconds .

========================================================================
Received Import Request.
  Time since last request: 0.001094 seconds.
  path: Assets/AssetStore/Mega Fantasy Props Pack/Prefabs/Miscellaneous/On Table/spoon.prefab
  artifactKey: Guid(2542c0c9b732a7443b932fdee19d5cc8) Importer(815301076,1909f56bfc062723c751e8b465ee728b)
Start importing Assets/AssetStore/Mega Fantasy Props Pack/Prefabs/Miscellaneous/On Table/spoon.prefab using Guid(2542c0c9b732a7443b932fdee19d5cc8) Importer(815301076,1909f56bfc062723c751e8b465ee728b)  -> (artifact id: 'd171446c88f31ef2e28181aaa7120fcc') in 0.114112 seconds
  Import took 0.119278 seconds .

========================================================================
Received Import Request.
  Time since last request: 0.000257 seconds.
  path: Assets/AssetStore/Mega Fantasy Props Pack/Prefabs/Miscellaneous/On Table/bottle.003.prefab
  artifactKey: Guid(e715ee18d4ba7664ab5b37966b127c76) Importer(815301076,1909f56bfc062723c751e8b465ee728b)
Start importing Assets/AssetStore/Mega Fantasy Props Pack/Prefabs/Miscellaneous/On Table/bottle.003.prefab using Guid(e715ee18d4ba7664ab5b37966b127c76) Importer(815301076,1909f56bfc062723c751e8b465ee728b)  -> (artifact id: '41408151d9d694978494a1661fb5c73f') in 0.179022 seconds
  Import took 0.186873 seconds .

========================================================================
Received Import Request.
  Time since last request: 0.000315 seconds.
  path: Assets/AssetStore/Mega Fantasy Props Pack/Prefabs/Miscellaneous/On Table/mug.prefab
  artifactKey: Guid(bf9f4253a04c3724e8628d1f0046c866) Importer(815301076,1909f56bfc062723c751e8b465ee728b)
Start importing Assets/AssetStore/Mega Fantasy Props Pack/Prefabs/Miscellaneous/On Table/mug.prefab using Guid(bf9f4253a04c3724e8628d1f0046c866) Importer(815301076,1909f56bfc062723c751e8b465ee728b)  -> (artifact id: 'edfff7fd56eea1739f7a90f9d1ee409c') in 0.094988 seconds
  Import took 0.110520 seconds .

========================================================================
Received Import Request.
  Time since last request: 0.000226 seconds.
  path: Assets/AssetStore/Mega Fantasy Props Pack/Prefabs/Miscellaneous/On Table/bottle.prefab
  artifactKey: Guid(2ec331173f7675241a638434697a019d) Importer(815301076,1909f56bfc062723c751e8b465ee728b)
Start importing Assets/AssetStore/Mega Fantasy Props Pack/Prefabs/Miscellaneous/On Table/bottle.prefab using Guid(2ec331173f7675241a638434697a019d) Importer(815301076,1909f56bfc062723c751e8b465ee728b)  -> (artifact id: 'd1262e61c097973b01ffdcde8f136b4d') in 0.112822 seconds
  Import took 0.117341 seconds .

========================================================================
Received Import Request.
  Time since last request: 0.000218 seconds.
  path: Assets/AssetStore/Mega Fantasy Props Pack/Prefabs/Miscellaneous/On Table/bottle.001.prefab
  artifactKey: Guid(b18333bd3d4ff954ab4259f067d1ee6c) Importer(815301076,1909f56bfc062723c751e8b465ee728b)
Start importing Assets/AssetStore/Mega Fantasy Props Pack/Prefabs/Miscellaneous/On Table/bottle.001.prefab using Guid(b18333bd3d4ff954ab4259f067d1ee6c) Importer(815301076,1909f56bfc062723c751e8b465ee728b)  -> (artifact id: 'ed25cafd6590c1a4e09f735402d1a162') in 0.098834 seconds
  Import took 0.102607 seconds .

========================================================================
Received Import Request.
  Time since last request: 3.688690 seconds.
  path: Assets/AssetStore/Mega Fantasy Props Pack/Prefabs/Miscellaneous/Pile of planks
  artifactKey: Guid(21c4f098811f8524b89c2a6533829df3) Importer(815301076,1909f56bfc062723c751e8b465ee728b)
Start importing Assets/AssetStore/Mega Fantasy Props Pack/Prefabs/Miscellaneous/Pile of planks using Guid(21c4f098811f8524b89c2a6533829df3) Importer(815301076,1909f56bfc062723c751e8b465ee728b)  -> (artifact id: 'aafac5fc4e6125b53d1d27d26902ca4f') in 0.868323 seconds
  Import took 0.876660 seconds .

========================================================================
Received Import Request.
  Time since last request: 0.000265 seconds.
  path: Assets/AssetStore/Mega Fantasy Props Pack/Prefabs/Miscellaneous/Pile of planks/pile_of_planks.prefab
  artifactKey: Guid(701d44155496d7745af86f1f1b93cef2) Importer(815301076,1909f56bfc062723c751e8b465ee728b)
Start importing Assets/AssetStore/Mega Fantasy Props Pack/Prefabs/Miscellaneous/Pile of planks/pile_of_planks.prefab using Guid(701d44155496d7745af86f1f1b93cef2) Importer(815301076,1909f56bfc062723c751e8b465ee728b)  -> (artifact id: '1d9a507ea96cdfdf37e5bf51c1a3b009') in 0.115072 seconds
  Import took 0.118812 seconds .

========================================================================
Received Import Request.
  Time since last request: 0.000202 seconds.
  path: Assets/AssetStore/Mega Fantasy Props Pack/Prefabs/Miscellaneous/Pile of planks/pile_of_planks.002.prefab
  artifactKey: Guid(32806319b7d2b5d409123afd407c3dfc) Importer(815301076,1909f56bfc062723c751e8b465ee728b)
Start importing Assets/AssetStore/Mega Fantasy Props Pack/Prefabs/Miscellaneous/Pile of planks/pile_of_planks.002.prefab using Guid(32806319b7d2b5d409123afd407c3dfc) Importer(815301076,1909f56bfc062723c751e8b465ee728b)  -> (artifact id: 'de5fc029b848d0964673536cf397cb8b') in 0.107686 seconds
  Import took 0.110931 seconds .

========================================================================
Received Import Request.
  Time since last request: 0.000261 seconds.
  path: Assets/AssetStore/Mega Fantasy Props Pack/Prefabs/Miscellaneous/Pile of planks/pile_of_planks.001.prefab
  artifactKey: Guid(99cac52a9f872944888bf762e12c6d2b) Importer(815301076,1909f56bfc062723c751e8b465ee728b)
Start importing Assets/AssetStore/Mega Fantasy Props Pack/Prefabs/Miscellaneous/Pile of planks/pile_of_planks.001.prefab using Guid(99cac52a9f872944888bf762e12c6d2b) Importer(815301076,1909f56bfc062723c751e8b465ee728b)  -> (artifact id: '17b37dac40d9d718ad31f4548b1f5610') in 0.114692 seconds
  Import took 0.119042 seconds .

========================================================================
Received Import Request.
  Time since last request: 2.362219 seconds.
  path: Assets/AssetStore/Mega Fantasy Props Pack/Prefabs/Miscellaneous/Vases
  artifactKey: Guid(8c5b1f274f7ca1e4dbad2e1988389bc5) Importer(815301076,1909f56bfc062723c751e8b465ee728b)
Start importing Assets/AssetStore/Mega Fantasy Props Pack/Prefabs/Miscellaneous/Vases using Guid(8c5b1f274f7ca1e4dbad2e1988389bc5) Importer(815301076,1909f56bfc062723c751e8b465ee728b)  -> (artifact id: '030bc91fea9f24f4d8da417d331c4ee3') in 0.032926 seconds
  Import took 0.040311 seconds .

========================================================================
Received Import Request.
  Time since last request: 0.000185 seconds.
  path: Assets/AssetStore/Mega Fantasy Props Pack/Prefabs/Miscellaneous/Vases/vase.002.prefab
  artifactKey: Guid(b544762602fbd1648b39791cece6f310) Importer(815301076,1909f56bfc062723c751e8b465ee728b)
Start importing Assets/AssetStore/Mega Fantasy Props Pack/Prefabs/Miscellaneous/Vases/vase.002.prefab using Guid(b544762602fbd1648b39791cece6f310) Importer(815301076,1909f56bfc062723c751e8b465ee728b)  -> (artifact id: '864a3f6ba2ff57b428cc4c80de0a1d34') in 0.109903 seconds
  Import took 0.113388 seconds .

========================================================================
Received Import Request.
  Time since last request: 0.000186 seconds.
  path: Assets/AssetStore/Mega Fantasy Props Pack/Prefabs/Miscellaneous/Vases/vase.001.prefab
  artifactKey: Guid(760548f18aa646341b9f69fdb3425502) Importer(815301076,1909f56bfc062723c751e8b465ee728b)
Start importing Assets/AssetStore/Mega Fantasy Props Pack/Prefabs/Miscellaneous/Vases/vase.001.prefab using Guid(760548f18aa646341b9f69fdb3425502) Importer(815301076,1909f56bfc062723c751e8b465ee728b)  -> (artifact id: 'a8ee1f55bf4d1f7c392b65bdb6c4d363') in 0.095413 seconds
  Import took 0.099340 seconds .

========================================================================
Received Import Request.
  Time since last request: 0.000197 seconds.
  path: Assets/AssetStore/Mega Fantasy Props Pack/Prefabs/Miscellaneous/Vases/vase.prefab
  artifactKey: Guid(db61bf80eb5d3ff44b9ee201e5da1d16) Importer(815301076,1909f56bfc062723c751e8b465ee728b)
Start importing Assets/AssetStore/Mega Fantasy Props Pack/Prefabs/Miscellaneous/Vases/vase.prefab using Guid(db61bf80eb5d3ff44b9ee201e5da1d16) Importer(815301076,1909f56bfc062723c751e8b465ee728b)  -> (artifact id: 'a5774c42700e83b195198c8d5977eedf') in 0.098654 seconds
  Import took 0.103847 seconds .

========================================================================
Received Import Request.
  Time since last request: 37.942073 seconds.
  path: Assets/AssetStore/Mega Fantasy Props Pack/Prefabs/Miscellaneous/Wall Canvas
  artifactKey: Guid(15cfb9a48e7d3cd48887838d2c33befc) Importer(815301076,1909f56bfc062723c751e8b465ee728b)
Start importing Assets/AssetStore/Mega Fantasy Props Pack/Prefabs/Miscellaneous/Wall Canvas using Guid(15cfb9a48e7d3cd48887838d2c33befc) Importer(815301076,1909f56bfc062723c751e8b465ee728b)  -> (artifact id: '65bca8299db3d9151f2877bd23448967') in 0.052162 seconds
  Import took 0.058698 seconds .

========================================================================
Received Import Request.
  Time since last request: 0.003678 seconds.
  path: Assets/AssetStore/Mega Fantasy Props Pack/Prefabs/Miscellaneous/Wall Canvas/canvas_on_wall.001.prefab
  artifactKey: Guid(6e13b94a650e55445907af632c2f29b1) Importer(815301076,1909f56bfc062723c751e8b465ee728b)
Start importing Assets/AssetStore/Mega Fantasy Props Pack/Prefabs/Miscellaneous/Wall Canvas/canvas_on_wall.001.prefab using Guid(6e13b94a650e55445907af632c2f29b1) Importer(815301076,1909f56bfc062723c751e8b465ee728b)  -> (artifact id: '27f59bb4bf8167b977bb7a92e4f7e951') in 0.125421 seconds
  Import took 0.135944 seconds .

========================================================================
Received Import Request.
  Time since last request: 0.000402 seconds.
  path: Assets/AssetStore/Mega Fantasy Props Pack/Prefabs/Miscellaneous/Wall Canvas/canvas_on_wall.002.prefab
  artifactKey: Guid(8cd06cf064870404188da18011c5858b) Importer(815301076,1909f56bfc062723c751e8b465ee728b)
Start importing Assets/AssetStore/Mega Fantasy Props Pack/Prefabs/Miscellaneous/Wall Canvas/canvas_on_wall.002.prefab using Guid(8cd06cf064870404188da18011c5858b) Importer(815301076,1909f56bfc062723c751e8b465ee728b)  -> (artifact id: 'c96e438ad5bbcc2cbbce7a0324e216d1') in 0.525874 seconds
  Import took 0.705809 seconds .

========================================================================
Received Import Request.
  Time since last request: 0.001369 seconds.
  path: Assets/AssetStore/Mega Fantasy Props Pack/Prefabs/Miscellaneous/Wall Canvas/canvas_on_wall.prefab
  artifactKey: Guid(1347d120c05427e48bf1ddec8a3f2367) Importer(815301076,1909f56bfc062723c751e8b465ee728b)
Start importing Assets/AssetStore/Mega Fantasy Props Pack/Prefabs/Miscellaneous/Wall Canvas/canvas_on_wall.prefab using Guid(1347d120c05427e48bf1ddec8a3f2367) Importer(815301076,1909f56bfc062723c751e8b465ee728b)  -> (artifact id: 'f456e5ac75cee005000d2e6280535411') in 0.119525 seconds
  Import took 0.145423 seconds .

========================================================================
Received Import Request.
  Time since last request: 0.000293 seconds.
  path: Assets/AssetStore/Mega Fantasy Props Pack/Prefabs/Miscellaneous/Wall Canvas/canvas_on_wall.003.prefab
  artifactKey: Guid(878d7e0f03b4d6f409b7329916c086fd) Importer(815301076,1909f56bfc062723c751e8b465ee728b)
Start importing Assets/AssetStore/Mega Fantasy Props Pack/Prefabs/Miscellaneous/Wall Canvas/canvas_on_wall.003.prefab using Guid(878d7e0f03b4d6f409b7329916c086fd) Importer(815301076,1909f56bfc062723c751e8b465ee728b)  -> (artifact id: 'b7704d865ca34f64b2fe78e9eaa38b14') in 0.159007 seconds
  Import took 0.170431 seconds .

========================================================================
Received Import Request.
  Time since last request: 0.000224 seconds.
  path: Assets/AssetStore/Mega Fantasy Props Pack/Prefabs/Miscellaneous/Wall Canvas/canvas_on_wall.004.prefab
  artifactKey: Guid(01d6a3a6bac905f4a8f6346d24cf68f7) Importer(815301076,1909f56bfc062723c751e8b465ee728b)
Start importing Assets/AssetStore/Mega Fantasy Props Pack/Prefabs/Miscellaneous/Wall Canvas/canvas_on_wall.004.prefab using Guid(01d6a3a6bac905f4a8f6346d24cf68f7) Importer(815301076,1909f56bfc062723c751e8b465ee728b)  -> (artifact id: '9fd13fe764aa5879767178a97897d31a') in 0.299567 seconds
  Import took 0.305097 seconds .

========================================================================
Received Import Request.
  Time since last request: 102.960773 seconds.
  path: Assets/AssetStore/Mega Fantasy Props Pack/Prefabs/Miscellaneous/Wells
  artifactKey: Guid(d347e474e42991f4b999bc9bcec08179) Importer(815301076,1909f56bfc062723c751e8b465ee728b)
Start importing Assets/AssetStore/Mega Fantasy Props Pack/Prefabs/Miscellaneous/Wells using Guid(d347e474e42991f4b999bc9bcec08179) Importer(815301076,1909f56bfc062723c751e8b465ee728b)  -> (artifact id: '9daa1a0bd64019e9fd1efcc6e5c16d66') in 0.026441 seconds
  Import took 0.031035 seconds .

========================================================================
Received Import Request.
  Time since last request: 0.067457 seconds.
  path: Assets/AssetStore/Mega Fantasy Props Pack/Prefabs/Miscellaneous/Wells/well.001.prefab
  artifactKey: Guid(38d61c06074002f4abcdf441b5283261) Importer(815301076,1909f56bfc062723c751e8b465ee728b)
Start importing Assets/AssetStore/Mega Fantasy Props Pack/Prefabs/Miscellaneous/Wells/well.001.prefab using Guid(38d61c06074002f4abcdf441b5283261) Importer(815301076,1909f56bfc062723c751e8b465ee728b)  -> (artifact id: 'a57fdf61e1a1dd306c1f9c699dc3140e') in 0.121447 seconds
  Import took 0.125091 seconds .

========================================================================
Received Import Request.
  Time since last request: 0.001331 seconds.
  path: Assets/AssetStore/Mega Fantasy Props Pack/Prefabs/Miscellaneous/Wells/well.prefab
  artifactKey: Guid(9e666367a3dab8e4d8eef4f84354e177) Importer(815301076,1909f56bfc062723c751e8b465ee728b)
Start importing Assets/AssetStore/Mega Fantasy Props Pack/Prefabs/Miscellaneous/Wells/well.prefab using Guid(9e666367a3dab8e4d8eef4f84354e177) Importer(815301076,1909f56bfc062723c751e8b465ee728b)  -> (artifact id: '7a1f309f383f676ec7cfb2059c575382') in 0.086008 seconds
  Import took 0.089517 seconds .

========================================================================
Received Import Request.
  Time since last request: 2.573279 seconds.
  path: Assets/AssetStore/Mega Fantasy Props Pack/Prefabs/Miscellaneous/Windbreaks
  artifactKey: Guid(06d90b215946eb447a4dd0325c107513) Importer(815301076,1909f56bfc062723c751e8b465ee728b)
Start importing Assets/AssetStore/Mega Fantasy Props Pack/Prefabs/Miscellaneous/Windbreaks using Guid(06d90b215946eb447a4dd0325c107513) Importer(815301076,1909f56bfc062723c751e8b465ee728b)  -> (artifact id: '2b9f38a1f4acdd06a89ab6ef2f430ce7') in 0.022821 seconds
  Import took 0.026342 seconds .

========================================================================
Received Import Request.
  Time since last request: 0.064099 seconds.
  path: Assets/AssetStore/Mega Fantasy Props Pack/Prefabs/Miscellaneous/Windbreaks/windbreak.001.prefab
  artifactKey: Guid(59116009704672048aa9fcdde20b756f) Importer(815301076,1909f56bfc062723c751e8b465ee728b)
Start importing Assets/AssetStore/Mega Fantasy Props Pack/Prefabs/Miscellaneous/Windbreaks/windbreak.001.prefab using Guid(59116009704672048aa9fcdde20b756f) Importer(815301076,1909f56bfc062723c751e8b465ee728b)  -> (artifact id: '1110abfa964dca82d4cec825aa35b101') in 0.087781 seconds
  Import took 0.091069 seconds .

========================================================================
Received Import Request.
  Time since last request: 0.000199 seconds.
  path: Assets/AssetStore/Mega Fantasy Props Pack/Prefabs/Miscellaneous/Windbreaks/windbreak_expensive.prefab
  artifactKey: Guid(41ec11fcab943674c8c7bba7d4c046c8) Importer(815301076,1909f56bfc062723c751e8b465ee728b)
Start importing Assets/AssetStore/Mega Fantasy Props Pack/Prefabs/Miscellaneous/Windbreaks/windbreak_expensive.prefab using Guid(41ec11fcab943674c8c7bba7d4c046c8) Importer(815301076,1909f56bfc062723c751e8b465ee728b)  -> (artifact id: '958297bd7d77964622b35fbcccc32b8a') in 0.148176 seconds
  Import took 0.179218 seconds .

========================================================================
Received Import Request.
  Time since last request: 0.000255 seconds.
  path: Assets/AssetStore/Mega Fantasy Props Pack/Prefabs/Miscellaneous/Windbreaks/windbreak_expensive.002.prefab
  artifactKey: Guid(e071c0b97335b104f96f581d36d85561) Importer(815301076,1909f56bfc062723c751e8b465ee728b)
Start importing Assets/AssetStore/Mega Fantasy Props Pack/Prefabs/Miscellaneous/Windbreaks/windbreak_expensive.002.prefab using Guid(e071c0b97335b104f96f581d36d85561) Importer(815301076,1909f56bfc062723c751e8b465ee728b)  -> (artifact id: '67f2243298f428530f630c785c6611c8') in 0.059084 seconds
  Import took 0.065316 seconds .

========================================================================
Received Import Request.
  Time since last request: 0.001156 seconds.
  path: Assets/AssetStore/Mega Fantasy Props Pack/Prefabs/Miscellaneous/Windbreaks/windbreak.002.prefab
  artifactKey: Guid(c32ab41c3ac029545bd4f4527efcb103) Importer(815301076,1909f56bfc062723c751e8b465ee728b)
Start importing Assets/AssetStore/Mega Fantasy Props Pack/Prefabs/Miscellaneous/Windbreaks/windbreak.002.prefab using Guid(c32ab41c3ac029545bd4f4527efcb103) Importer(815301076,1909f56bfc062723c751e8b465ee728b)  -> (artifact id: '043ef25f1ec44df0031cd9a7d4887003') in 0.084804 seconds
  Import took 0.106499 seconds .

========================================================================
Received Import Request.
  Time since last request: 0.000224 seconds.
  path: Assets/AssetStore/Mega Fantasy Props Pack/Prefabs/Miscellaneous/Windbreaks/windbreak_expensive.001.prefab
  artifactKey: Guid(2b736b1b73539b946aaedb5fd5b458e4) Importer(815301076,1909f56bfc062723c751e8b465ee728b)
Start importing Assets/AssetStore/Mega Fantasy Props Pack/Prefabs/Miscellaneous/Windbreaks/windbreak_expensive.001.prefab using Guid(2b736b1b73539b946aaedb5fd5b458e4) Importer(815301076,1909f56bfc062723c751e8b465ee728b)  -> (artifact id: 'd24d42ae25e634d7f03af436b4f75155') in 0.143800 seconds
  Import took 0.158946 seconds .

========================================================================
Received Import Request.
  Time since last request: 0.000227 seconds.
  path: Assets/AssetStore/Mega Fantasy Props Pack/Prefabs/Miscellaneous/Windbreaks/windbreak.prefab
  artifactKey: Guid(8b71a3d52ea3e7243b2e3e2fac4f63c2) Importer(815301076,1909f56bfc062723c751e8b465ee728b)
Start importing Assets/AssetStore/Mega Fantasy Props Pack/Prefabs/Miscellaneous/Windbreaks/windbreak.prefab using Guid(8b71a3d52ea3e7243b2e3e2fac4f63c2) Importer(815301076,1909f56bfc062723c751e8b465ee728b)  -> (artifact id: 'efdb52ab91d45a70f1d99df4304ed549') in 0.093505 seconds
  Import took 0.100413 seconds .

========================================================================
Received Import Request.
  Time since last request: 0.000340 seconds.
  path: Assets/AssetStore/Mega Fantasy Props Pack/Prefabs/Miscellaneous/Windbreaks/windbreak_expensive.003.prefab
  artifactKey: Guid(797cd5ca4d3307f43a5487ab0114b559) Importer(815301076,1909f56bfc062723c751e8b465ee728b)
Start importing Assets/AssetStore/Mega Fantasy Props Pack/Prefabs/Miscellaneous/Windbreaks/windbreak_expensive.003.prefab using Guid(797cd5ca4d3307f43a5487ab0114b559) Importer(815301076,1909f56bfc062723c751e8b465ee728b)  -> (artifact id: 'a6964f577d7c624e4271164fad1b8fb6') in 0.147069 seconds
  Import took 0.168905 seconds .

========================================================================
Received Import Request.
  Time since last request: 0.000249 seconds.
  path: Assets/AssetStore/Mega Fantasy Props Pack/Prefabs/Miscellaneous/Windbreaks/windbreak.003.prefab
  artifactKey: Guid(1deb415f4dba1ad45b59e315a5e80b64) Importer(815301076,1909f56bfc062723c751e8b465ee728b)
Start importing Assets/AssetStore/Mega Fantasy Props Pack/Prefabs/Miscellaneous/Windbreaks/windbreak.003.prefab using Guid(1deb415f4dba1ad45b59e315a5e80b64) Importer(815301076,1909f56bfc062723c751e8b465ee728b)  -> (artifact id: '5c5f36da1a5066c7d823d7f9a6d2d6e1') in 0.094835 seconds
  Import took 0.119954 seconds .

========================================================================
Received Import Request.
  Time since last request: 146.997800 seconds.
  path: Assets/AssetStore/Mega Fantasy Props Pack/Prefabs/Miscellaneous/Candels
  artifactKey: Guid(9fe720f8bb59e014283b7a15929cfb8a) Importer(815301076,1909f56bfc062723c751e8b465ee728b)
Start importing Assets/AssetStore/Mega Fantasy Props Pack/Prefabs/Miscellaneous/Candels using Guid(9fe720f8bb59e014283b7a15929cfb8a) Importer(815301076,1909f56bfc062723c751e8b465ee728b)  -> (artifact id: '2ca0aea3b97656f835c05c489edf4b53') in 0.024208 seconds
  Import took 0.071758 seconds .

========================================================================
Received Import Request.
  Time since last request: 0.016891 seconds.
  path: Assets/AssetStore/Mega Fantasy Props Pack/Prefabs/Miscellaneous/Candels/candle.001.prefab
  artifactKey: Guid(837bbaf5dee360744b718c131e460361) Importer(815301076,1909f56bfc062723c751e8b465ee728b)
Start importing Assets/AssetStore/Mega Fantasy Props Pack/Prefabs/Miscellaneous/Candels/candle.001.prefab using Guid(837bbaf5dee360744b718c131e460361) Importer(815301076,1909f56bfc062723c751e8b465ee728b)  -> (artifact id: '8dc6a97fe840d7fe69d31de3b54ceadf') in 0.248113 seconds
  Import took 0.276516 seconds .

========================================================================
Received Import Request.
  Time since last request: 0.000253 seconds.
  path: Assets/AssetStore/Mega Fantasy Props Pack/Prefabs/Miscellaneous/Candels/candle.prefab
  artifactKey: Guid(c3450acf831bfe8488297849333aa224) Importer(815301076,1909f56bfc062723c751e8b465ee728b)
Start importing Assets/AssetStore/Mega Fantasy Props Pack/Prefabs/Miscellaneous/Candels/candle.prefab using Guid(c3450acf831bfe8488297849333aa224) Importer(815301076,1909f56bfc062723c751e8b465ee728b)  -> (artifact id: '4227317d8aff262ae995f068f0cd9617') in 0.110943 seconds
  Import took 0.135285 seconds .

========================================================================
Received Import Request.
  Time since last request: 0.000219 seconds.
  path: Assets/AssetStore/Mega Fantasy Props Pack/Prefabs/Miscellaneous/Candels/candle.003.prefab
  artifactKey: Guid(2b3a2892cf7649d4eb5355cad86eea6d) Importer(815301076,1909f56bfc062723c751e8b465ee728b)
Start importing Assets/AssetStore/Mega Fantasy Props Pack/Prefabs/Miscellaneous/Candels/candle.003.prefab using Guid(2b3a2892cf7649d4eb5355cad86eea6d) Importer(815301076,1909f56bfc062723c751e8b465ee728b)  -> (artifact id: '43c3a3f0775e0d922816826c8a691a7e') in 0.117495 seconds
  Import took 0.121183 seconds .

========================================================================
Received Import Request.
  Time since last request: 0.000260 seconds.
  path: Assets/AssetStore/Mega Fantasy Props Pack/Prefabs/Miscellaneous/Candels/candle.002.prefab
  artifactKey: Guid(1f44ff26a40ad394081c1f8220d99413) Importer(815301076,1909f56bfc062723c751e8b465ee728b)
Start importing Assets/AssetStore/Mega Fantasy Props Pack/Prefabs/Miscellaneous/Candels/candle.002.prefab using Guid(1f44ff26a40ad394081c1f8220d99413) Importer(815301076,1909f56bfc062723c751e8b465ee728b)  -> (artifact id: '53b63959fa26fa066aac13c443c20f22') in 0.149828 seconds
  Import took 0.196800 seconds .

========================================================================
Received Import Request.
  Time since last request: 568.550660 seconds.
  path: Assets/AssetStore/Mega Fantasy Props Pack/Prefabs/Miscellaneous/Barrels
  artifactKey: Guid(328da73d31a00524090e3f1955f996b0) Importer(815301076,1909f56bfc062723c751e8b465ee728b)
Start importing Assets/AssetStore/Mega Fantasy Props Pack/Prefabs/Miscellaneous/Barrels using Guid(328da73d31a00524090e3f1955f996b0) Importer(815301076,1909f56bfc062723c751e8b465ee728b)  -> (artifact id: 'af25f4f205b610c4382a3078cfa01ffe') in 0.037326 seconds
  Import took 0.070820 seconds .

========================================================================
Received Import Request.
  Time since last request: 0.000283 seconds.
  path: Assets/AssetStore/Mega Fantasy Props Pack/Prefabs/Miscellaneous/Barrels/barrel.003.prefab
  artifactKey: Guid(80b32209e0ffa914c85ed75cc2751bd6) Importer(815301076,1909f56bfc062723c751e8b465ee728b)
Start importing Assets/AssetStore/Mega Fantasy Props Pack/Prefabs/Miscellaneous/Barrels/barrel.003.prefab using Guid(80b32209e0ffa914c85ed75cc2751bd6) Importer(815301076,1909f56bfc062723c751e8b465ee728b)  -> (artifact id: '1718c08bf0f90aaca57460c6c40bc5a0') in 0.620159 seconds
  Import took 0.636074 seconds .

========================================================================
Received Import Request.
  Time since last request: 0.000897 seconds.
  path: Assets/AssetStore/Mega Fantasy Props Pack/Prefabs/Miscellaneous/Barrels/barrel.005.prefab
  artifactKey: Guid(11c91c53c305a0342a7e3f46d1a15670) Importer(815301076,1909f56bfc062723c751e8b465ee728b)
Start importing Assets/AssetStore/Mega Fantasy Props Pack/Prefabs/Miscellaneous/Barrels/barrel.005.prefab using Guid(11c91c53c305a0342a7e3f46d1a15670) Importer(815301076,1909f56bfc062723c751e8b465ee728b)  -> (artifact id: 'faafc092837f9b79ba8b9559a1a1d860') in 0.156970 seconds
  Import took 0.197073 seconds .

========================================================================
Received Import Request.
  Time since last request: 0.005897 seconds.
  path: Assets/AssetStore/Mega Fantasy Props Pack/Prefabs/Miscellaneous/Barrels/barrel.002.prefab
  artifactKey: Guid(2b4300b00a04c7f43a4a97c065115606) Importer(815301076,1909f56bfc062723c751e8b465ee728b)
Start importing Assets/AssetStore/Mega Fantasy Props Pack/Prefabs/Miscellaneous/Barrels/barrel.002.prefab using Guid(2b4300b00a04c7f43a4a97c065115606) Importer(815301076,1909f56bfc062723c751e8b465ee728b)  -> (artifact id: '7aba623af3dfe5a75fad7964055e3e07') in 0.217940 seconds
  Import took 0.283483 seconds .

========================================================================
Received Import Request.
  Time since last request: 0.000539 seconds.
  path: Assets/AssetStore/Mega Fantasy Props Pack/Prefabs/Miscellaneous/Barrels/barrel.004.prefab
  artifactKey: Guid(2a5dff5f76f112b41a5721a16df1160e) Importer(815301076,1909f56bfc062723c751e8b465ee728b)
Start importing Assets/AssetStore/Mega Fantasy Props Pack/Prefabs/Miscellaneous/Barrels/barrel.004.prefab using Guid(2a5dff5f76f112b41a5721a16df1160e) Importer(815301076,1909f56bfc062723c751e8b465ee728b)  -> (artifact id: 'c8e30d1f5be658d867bf8ed970f56e4f') in 0.104395 seconds
  Import took 0.108697 seconds .

========================================================================
Received Import Request.
  Time since last request: 0.000301 seconds.
  path: Assets/AssetStore/Mega Fantasy Props Pack/Prefabs/Miscellaneous/Barrels/barrel.001.prefab
  artifactKey: Guid(cc5bbe9f0660748459e20869e0e46794) Importer(815301076,1909f56bfc062723c751e8b465ee728b)
Start importing Assets/AssetStore/Mega Fantasy Props Pack/Prefabs/Miscellaneous/Barrels/barrel.001.prefab using Guid(cc5bbe9f0660748459e20869e0e46794) Importer(815301076,1909f56bfc062723c751e8b465ee728b)  -> (artifact id: '4801f95eee8fc88a695ac6da2a7d948e') in 0.126636 seconds
  Import took 0.130663 seconds .

========================================================================
Received Import Request.
  Time since last request: 0.000286 seconds.
  path: Assets/AssetStore/Mega Fantasy Props Pack/Prefabs/Miscellaneous/Barrels/barrel.prefab
  artifactKey: Guid(bd0681bf08f5abb40b50c57331267663) Importer(815301076,1909f56bfc062723c751e8b465ee728b)
Start importing Assets/AssetStore/Mega Fantasy Props Pack/Prefabs/Miscellaneous/Barrels/barrel.prefab using Guid(bd0681bf08f5abb40b50c57331267663) Importer(815301076,1909f56bfc062723c751e8b465ee728b)  -> (artifact id: 'ab449423c0a703b800e0016b07ab39c2') in 0.120712 seconds
  Import took 0.129441 seconds .

========================================================================
Received Import Request.
  Time since last request: 11.237061 seconds.
  path: Assets/AssetStore/Mega Fantasy Props Pack/Prefabs/Miscellaneous/Books
  artifactKey: Guid(218440f2bcc289a4c9ac914531040883) Importer(815301076,1909f56bfc062723c751e8b465ee728b)
Start importing Assets/AssetStore/Mega Fantasy Props Pack/Prefabs/Miscellaneous/Books using Guid(218440f2bcc289a4c9ac914531040883) Importer(815301076,1909f56bfc062723c751e8b465ee728b)  -> (artifact id: '17b5a525d03ea636bfa17bac0f21f9f3') in 0.029281 seconds
  Import took 0.033042 seconds .

========================================================================
Received Import Request.
  Time since last request: 0.072655 seconds.
  path: Assets/AssetStore/Mega Fantasy Props Pack/Prefabs/Miscellaneous/Books/book_single.prefab
  artifactKey: Guid(08664425fe4b55a438efa73476965e3a) Importer(815301076,1909f56bfc062723c751e8b465ee728b)
Start importing Assets/AssetStore/Mega Fantasy Props Pack/Prefabs/Miscellaneous/Books/book_single.prefab using Guid(08664425fe4b55a438efa73476965e3a) Importer(815301076,1909f56bfc062723c751e8b465ee728b)  -> (artifact id: 'faf4f918d2487ae2fb6d6e7dfaeb6ba3') in 0.145717 seconds
  Import took 0.156597 seconds .

========================================================================
Received Import Request.
  Time since last request: 0.000330 seconds.
  path: Assets/AssetStore/Mega Fantasy Props Pack/Prefabs/Miscellaneous/Books/books.003.prefab
  artifactKey: Guid(7ab3bb1a444b7f849b92f502efa88149) Importer(815301076,1909f56bfc062723c751e8b465ee728b)
Start importing Assets/AssetStore/Mega Fantasy Props Pack/Prefabs/Miscellaneous/Books/books.003.prefab using Guid(7ab3bb1a444b7f849b92f502efa88149) Importer(815301076,1909f56bfc062723c751e8b465ee728b)  -> (artifact id: '11bb1dc99eaec44a64c9a87d5cd8d9b9') in 0.237708 seconds
  Import took 0.242007 seconds .

========================================================================
Received Import Request.
  Time since last request: 0.000334 seconds.
  path: Assets/AssetStore/Mega Fantasy Props Pack/Prefabs/Miscellaneous/Books/books.001.prefab
  artifactKey: Guid(df65e9477dab36446b8bd1baef665122) Importer(815301076,1909f56bfc062723c751e8b465ee728b)
Start importing Assets/AssetStore/Mega Fantasy Props Pack/Prefabs/Miscellaneous/Books/books.001.prefab using Guid(df65e9477dab36446b8bd1baef665122) Importer(815301076,1909f56bfc062723c751e8b465ee728b)  -> (artifact id: '4cdae15dbdae0fa9e06ea03d6d46097f') in 0.252533 seconds
  Import took 0.265427 seconds .

========================================================================
Received Import Request.
  Time since last request: 0.000270 seconds.
  path: Assets/AssetStore/Mega Fantasy Props Pack/Prefabs/Miscellaneous/Books/book_single_with_free_pages.prefab
  artifactKey: Guid(772c5503a0affe04892290cca42ad9a7) Importer(815301076,1909f56bfc062723c751e8b465ee728b)
Start importing Assets/AssetStore/Mega Fantasy Props Pack/Prefabs/Miscellaneous/Books/book_single_with_free_pages.prefab using Guid(772c5503a0affe04892290cca42ad9a7) Importer(815301076,1909f56bfc062723c751e8b465ee728b)  -> (artifact id: '12a1d25f153859333332baf90c5367a3') in 0.136951 seconds
  Import took 0.164539 seconds .

========================================================================
Received Import Request.
  Time since last request: 0.000243 seconds.
  path: Assets/AssetStore/Mega Fantasy Props Pack/Prefabs/Miscellaneous/Books/books.006.prefab
  artifactKey: Guid(d3afa6c03e4ec924aa1fb5b97a490374) Importer(815301076,1909f56bfc062723c751e8b465ee728b)
Start importing Assets/AssetStore/Mega Fantasy Props Pack/Prefabs/Miscellaneous/Books/books.006.prefab using Guid(d3afa6c03e4ec924aa1fb5b97a490374) Importer(815301076,1909f56bfc062723c751e8b465ee728b)  -> (artifact id: 'f15c64574f8c96faa9f2c4120c71bb47') in 0.122771 seconds
  Import took 0.145926 seconds .

========================================================================
Received Import Request.
  Time since last request: 0.000331 seconds.
  path: Assets/AssetStore/Mega Fantasy Props Pack/Prefabs/Miscellaneous/Books/books.004.prefab
  artifactKey: Guid(3e59b712796667444b27e9710346fb11) Importer(815301076,1909f56bfc062723c751e8b465ee728b)
Start importing Assets/AssetStore/Mega Fantasy Props Pack/Prefabs/Miscellaneous/Books/books.004.prefab using Guid(3e59b712796667444b27e9710346fb11) Importer(815301076,1909f56bfc062723c751e8b465ee728b)  -> (artifact id: 'e8d4c0743eb5b72407c6c31dfda697b7') in 0.112906 seconds
  Import took 0.140611 seconds .

========================================================================
Received Import Request.
  Time since last request: 0.000316 seconds.
  path: Assets/AssetStore/Mega Fantasy Props Pack/Prefabs/Miscellaneous/Books/books.002.prefab
  artifactKey: Guid(5790c7c1e7865114f93ccdd869db3056) Importer(815301076,1909f56bfc062723c751e8b465ee728b)
Start importing Assets/AssetStore/Mega Fantasy Props Pack/Prefabs/Miscellaneous/Books/books.002.prefab using Guid(5790c7c1e7865114f93ccdd869db3056) Importer(815301076,1909f56bfc062723c751e8b465ee728b)  -> (artifact id: 'd330e8bef95a347e73e0b9bc8f0683ad') in 0.101501 seconds
  Import took 0.110015 seconds .

========================================================================
Received Import Request.
  Time since last request: 0.000315 seconds.
  path: Assets/AssetStore/Mega Fantasy Props Pack/Prefabs/Miscellaneous/Books/books.prefab
  artifactKey: Guid(2c82fab4131a792468a3dc363145de9b) Importer(815301076,1909f56bfc062723c751e8b465ee728b)
Start importing Assets/AssetStore/Mega Fantasy Props Pack/Prefabs/Miscellaneous/Books/books.prefab using Guid(2c82fab4131a792468a3dc363145de9b) Importer(815301076,1909f56bfc062723c751e8b465ee728b)  -> (artifact id: 'cf0a60e8de312a82922a62adbe34365c') in 0.091637 seconds
  Import took 0.096023 seconds .

========================================================================
Received Import Request.
  Time since last request: 269.499236 seconds.
  path: Assets/AssetStore/Mega Fantasy Props Pack/Prefabs/Chairs
  artifactKey: Guid(68ba6def073ea324e837634b5ddf0c94) Importer(815301076,1909f56bfc062723c751e8b465ee728b)
Start importing Assets/AssetStore/Mega Fantasy Props Pack/Prefabs/Chairs using Guid(68ba6def073ea324e837634b5ddf0c94) Importer(815301076,1909f56bfc062723c751e8b465ee728b)  -> (artifact id: '314c47b5856c793d532b880ff0cf22f8') in 0.027343 seconds
  Import took 0.033373 seconds .

========================================================================
Received Import Request.
  Time since last request: 0.088416 seconds.
  path: Assets/AssetStore/Mega Fantasy Props Pack/Prefabs/Chairs/chair.001.prefab
  artifactKey: Guid(51d5bd1ea00a0a54fa377c2fe5110130) Importer(815301076,1909f56bfc062723c751e8b465ee728b)
Start importing Assets/AssetStore/Mega Fantasy Props Pack/Prefabs/Chairs/chair.001.prefab using Guid(51d5bd1ea00a0a54fa377c2fe5110130) Importer(815301076,1909f56bfc062723c751e8b465ee728b)  -> (artifact id: '2f1aafe75b73842ec888817d5f5f1fee') in 0.068079 seconds
  Import took 0.083551 seconds .

========================================================================
Received Import Request.
  Time since last request: 0.000254 seconds.
  path: Assets/AssetStore/Mega Fantasy Props Pack/Prefabs/Chairs/chair.003.prefab
  artifactKey: Guid(83a0c52366d043948b7b8baee40e87b9) Importer(815301076,1909f56bfc062723c751e8b465ee728b)
Start importing Assets/AssetStore/Mega Fantasy Props Pack/Prefabs/Chairs/chair.003.prefab using Guid(83a0c52366d043948b7b8baee40e87b9) Importer(815301076,1909f56bfc062723c751e8b465ee728b)  -> (artifact id: '6a26b60ad288fdcf9318160a9d675707') in 0.108759 seconds
  Import took 0.112127 seconds .

========================================================================
Received Import Request.
  Time since last request: 0.000197 seconds.
  path: Assets/AssetStore/Mega Fantasy Props Pack/Prefabs/Chairs/chair.prefab
  artifactKey: Guid(1ca36c4bdaa81a14a8b52d79cc04b095) Importer(815301076,1909f56bfc062723c751e8b465ee728b)
Start importing Assets/AssetStore/Mega Fantasy Props Pack/Prefabs/Chairs/chair.prefab using Guid(1ca36c4bdaa81a14a8b52d79cc04b095) Importer(815301076,1909f56bfc062723c751e8b465ee728b)  -> (artifact id: '3ff1d06c95a2f2810d3b882f3d18b804') in 0.224334 seconds
  Import took 0.252117 seconds .

========================================================================
Received Import Request.
  Time since last request: 0.000277 seconds.
  path: Assets/AssetStore/Mega Fantasy Props Pack/Prefabs/Chairs/chair_canvas.prefab
  artifactKey: Guid(813a7d32ab774ab4db8e24f2ad24b7ac) Importer(815301076,1909f56bfc062723c751e8b465ee728b)
Start importing Assets/AssetStore/Mega Fantasy Props Pack/Prefabs/Chairs/chair_canvas.prefab using Guid(813a7d32ab774ab4db8e24f2ad24b7ac) Importer(815301076,1909f56bfc062723c751e8b465ee728b)  -> (artifact id: '9d19fb03c65e5a12f2de292ebd05fe77') in 0.483745 seconds
  Import took 0.499221 seconds .

========================================================================
Received Import Request.
  Time since last request: 0.000387 seconds.
  path: Assets/AssetStore/Mega Fantasy Props Pack/Prefabs/Chairs/chair.002.prefab
  artifactKey: Guid(392ad3985e02f2e4eb64f045a1319530) Importer(815301076,1909f56bfc062723c751e8b465ee728b)
Start importing Assets/AssetStore/Mega Fantasy Props Pack/Prefabs/Chairs/chair.002.prefab using Guid(392ad3985e02f2e4eb64f045a1319530) Importer(815301076,1909f56bfc062723c751e8b465ee728b)  -> (artifact id: '242ce16fececae2430f8f529d874e53f') in 0.111553 seconds
  Import took 0.120213 seconds .

========================================================================
Received Import Request.
  Time since last request: 0.000517 seconds.
  path: Assets/AssetStore/Mega Fantasy Props Pack/Prefabs/Chairs/chair.004.prefab
  artifactKey: Guid(f334c3c90cd7ffb4abbf4a5f8784463a) Importer(815301076,1909f56bfc062723c751e8b465ee728b)
Start importing Assets/AssetStore/Mega Fantasy Props Pack/Prefabs/Chairs/chair.004.prefab using Guid(f334c3c90cd7ffb4abbf4a5f8784463a) Importer(815301076,1909f56bfc062723c751e8b465ee728b)  -> (artifact id: '9a4a765125d28b96938fc7b83eb344f7') in 0.116791 seconds
  Import took 0.142943 seconds .

========================================================================
Received Import Request.
  Time since last request: 0.000246 seconds.
  path: Assets/AssetStore/Mega Fantasy Props Pack/Prefabs/Chairs/chair.005.prefab
  artifactKey: Guid(4b8bcfc52cd181349906c1279e1d513f) Importer(815301076,1909f56bfc062723c751e8b465ee728b)
Start importing Assets/AssetStore/Mega Fantasy Props Pack/Prefabs/Chairs/chair.005.prefab using Guid(4b8bcfc52cd181349906c1279e1d513f) Importer(815301076,1909f56bfc062723c751e8b465ee728b)  -> (artifact id: '25dc7db4803f3573774f962ee8c264d4') in 0.111871 seconds
  Import took 0.116547 seconds .

========================================================================
Received Import Request.
  Time since last request: 12.573168 seconds.
  path: Assets/AssetStore/Mega Fantasy Props Pack/Prefabs/Chairs/Benches
  artifactKey: Guid(d1573904f2956f24db918d2d35877387) Importer(815301076,1909f56bfc062723c751e8b465ee728b)
Start importing Assets/AssetStore/Mega Fantasy Props Pack/Prefabs/Chairs/Benches using Guid(d1573904f2956f24db918d2d35877387) Importer(815301076,1909f56bfc062723c751e8b465ee728b)  -> (artifact id: 'b236971e15858820d7cf6b23fae6e707') in 0.030564 seconds
  Import took 0.034122 seconds .

========================================================================
Received Import Request.
  Time since last request: 0.081382 seconds.
  path: Assets/AssetStore/Mega Fantasy Props Pack/Prefabs/Chairs/Benches/bench.001.prefab
  artifactKey: Guid(ffb40e3bd0cb40e409899413b0236c66) Importer(815301076,1909f56bfc062723c751e8b465ee728b)
Start importing Assets/AssetStore/Mega Fantasy Props Pack/Prefabs/Chairs/Benches/bench.001.prefab using Guid(ffb40e3bd0cb40e409899413b0236c66) Importer(815301076,1909f56bfc062723c751e8b465ee728b)  -> (artifact id: 'a164346ccbd8498de472ec28df047966') in 0.082975 seconds
  Import took 0.201424 seconds .

========================================================================
Received Import Request.
  Time since last request: 0.000364 seconds.
  path: Assets/AssetStore/Mega Fantasy Props Pack/Prefabs/Chairs/Benches/bench.003.prefab
  artifactKey: Guid(0c926763820f66b40acbd5ca36a28ce6) Importer(815301076,1909f56bfc062723c751e8b465ee728b)
Start importing Assets/AssetStore/Mega Fantasy Props Pack/Prefabs/Chairs/Benches/bench.003.prefab using Guid(0c926763820f66b40acbd5ca36a28ce6) Importer(815301076,1909f56bfc062723c751e8b465ee728b)  -> (artifact id: '9913c12a2cc2293684af59109493c4d7') in 0.134434 seconds
  Import took 0.150521 seconds .

========================================================================
Received Import Request.
  Time since last request: 0.000900 seconds.
  path: Assets/AssetStore/Mega Fantasy Props Pack/Prefabs/Chairs/Benches/bench.prefab
  artifactKey: Guid(772e39ecee6e82b448cf916ec25d359c) Importer(815301076,1909f56bfc062723c751e8b465ee728b)
Start importing Assets/AssetStore/Mega Fantasy Props Pack/Prefabs/Chairs/Benches/bench.prefab using Guid(772e39ecee6e82b448cf916ec25d359c) Importer(815301076,1909f56bfc062723c751e8b465ee728b)  -> (artifact id: '37cf0c6d9363993611281f6ef3913664') in 0.104843 seconds
  Import took 0.115960 seconds .

========================================================================
Received Import Request.
  Time since last request: 0.000790 seconds.
  path: Assets/AssetStore/Mega Fantasy Props Pack/Prefabs/Chairs/Benches/bench.002.prefab
  artifactKey: Guid(b949b58021519ba44b5a01b1c1548c44) Importer(815301076,1909f56bfc062723c751e8b465ee728b)
Start importing Assets/AssetStore/Mega Fantasy Props Pack/Prefabs/Chairs/Benches/bench.002.prefab using Guid(b949b58021519ba44b5a01b1c1548c44) Importer(815301076,1909f56bfc062723c751e8b465ee728b)  -> (artifact id: '8edaac80d37aa4ef02c6593e634ec1e1') in 0.169651 seconds
  Import took 0.178032 seconds .

========================================================================
Received Import Request.
  Time since last request: 4.434151 seconds.
  path: Assets/AssetStore/Mega Fantasy Props Pack/Prefabs/Columns
  artifactKey: Guid(3817c0f43c70115488e0b46d0905ea5e) Importer(815301076,1909f56bfc062723c751e8b465ee728b)
Start importing Assets/AssetStore/Mega Fantasy Props Pack/Prefabs/Columns using Guid(3817c0f43c70115488e0b46d0905ea5e) Importer(815301076,1909f56bfc062723c751e8b465ee728b)  -> (artifact id: '399b8c8f0207b4760cfa628e24620201') in 0.036065 seconds
  Import took 0.046439 seconds .

========================================================================
Received Import Request.
  Time since last request: 4.894350 seconds.
  path: Assets/AssetStore/Mega Fantasy Props Pack/Prefabs/Fences
  artifactKey: Guid(f74eef2c0dc670144bb559efa3e11a97) Importer(815301076,1909f56bfc062723c751e8b465ee728b)
Start importing Assets/AssetStore/Mega Fantasy Props Pack/Prefabs/Fences using Guid(f74eef2c0dc670144bb559efa3e11a97) Importer(815301076,1909f56bfc062723c751e8b465ee728b)  -> (artifact id: '221e9f3a29c2ce9f841ca778e59ac66c') in 0.036749 seconds
  Import took 0.040554 seconds .

========================================================================
Received Import Request.
  Time since last request: 0.065375 seconds.
  path: Assets/AssetStore/Mega Fantasy Props Pack/Prefabs/Fences/big_fence.001.prefab
  artifactKey: Guid(9770515ffff23894fa760b75b8b24b51) Importer(815301076,1909f56bfc062723c751e8b465ee728b)
Start importing Assets/AssetStore/Mega Fantasy Props Pack/Prefabs/Fences/big_fence.001.prefab using Guid(9770515ffff23894fa760b75b8b24b51) Importer(815301076,1909f56bfc062723c751e8b465ee728b)  -> (artifact id: '263b664ae4e5585b88c8a309846b82cc') in 0.080478 seconds
  Import took 0.085294 seconds .

========================================================================
Received Import Request.
  Time since last request: 0.000274 seconds.
  path: Assets/AssetStore/Mega Fantasy Props Pack/Prefabs/Fences/big_fence.002.prefab
  artifactKey: Guid(e17090a47b884224e92e6bf7126d1eca) Importer(815301076,1909f56bfc062723c751e8b465ee728b)
Start importing Assets/AssetStore/Mega Fantasy Props Pack/Prefabs/Fences/big_fence.002.prefab using Guid(e17090a47b884224e92e6bf7126d1eca) Importer(815301076,1909f56bfc062723c751e8b465ee728b)  -> (artifact id: 'c7301342a309245cdbf7e1ed7d4c7013') in 0.099059 seconds
  Import took 0.122609 seconds .

========================================================================
Received Import Request.
  Time since last request: 0.000225 seconds.
  path: Assets/AssetStore/Mega Fantasy Props Pack/Prefabs/Fences/big_fence.prefab
  artifactKey: Guid(34b237876876baf4fa134407d8dc57d5) Importer(815301076,1909f56bfc062723c751e8b465ee728b)
Start importing Assets/AssetStore/Mega Fantasy Props Pack/Prefabs/Fences/big_fence.prefab using Guid(34b237876876baf4fa134407d8dc57d5) Importer(815301076,1909f56bfc062723c751e8b465ee728b)  -> (artifact id: '8bfc4175e6bef77fab799a2495cae803') in 0.103368 seconds
  Import took 0.107177 seconds .

========================================================================
Received Import Request.
  Time since last request: 0.000253 seconds.
  path: Assets/AssetStore/Mega Fantasy Props Pack/Prefabs/Fences/big_fence.003.prefab
  artifactKey: Guid(66ce2554d943ab14db051b408dc948ed) Importer(815301076,1909f56bfc062723c751e8b465ee728b)
Start importing Assets/AssetStore/Mega Fantasy Props Pack/Prefabs/Fences/big_fence.003.prefab using Guid(66ce2554d943ab14db051b408dc948ed) Importer(815301076,1909f56bfc062723c751e8b465ee728b)  -> (artifact id: 'c059bb5c7c522f947e01093d796d9104') in 0.078928 seconds
  Import took 0.088992 seconds .

========================================================================
Received Import Request.
  Time since last request: 397.744893 seconds.
  path: Assets/AssetStore/Mega Fantasy Props Pack/Prefabs/Stairs/stone_stairs.prefab
  artifactKey: Guid(bf2fbad40791acd49990f2f65d1e3115) Importer(815301076,1909f56bfc062723c751e8b465ee728b)
Start importing Assets/AssetStore/Mega Fantasy Props Pack/Prefabs/Stairs/stone_stairs.prefab using Guid(bf2fbad40791acd49990f2f65d1e3115) Importer(815301076,1909f56bfc062723c751e8b465ee728b)  -> (artifact id: '87259d3a6c08cba19051c18156ef6114') in 0.189029 seconds
  Import took 0.193450 seconds .

========================================================================
Received Import Request.
  Time since last request: 0.000254 seconds.
  path: Assets/AssetStore/Mega Fantasy Props Pack/Prefabs/Stairs/wood_stairs.prefab
  artifactKey: Guid(90def6c32e7b9fa458dfdd4b6ea67ae5) Importer(815301076,1909f56bfc062723c751e8b465ee728b)
Start importing Assets/AssetStore/Mega Fantasy Props Pack/Prefabs/Stairs/wood_stairs.prefab using Guid(90def6c32e7b9fa458dfdd4b6ea67ae5) Importer(815301076,1909f56bfc062723c751e8b465ee728b)  -> (artifact id: '5471b848da6cd62ee0b05b20b14f4dc3') in 0.110191 seconds
  Import took 0.140909 seconds .

========================================================================
Received Import Request.
  Time since last request: 0.000223 seconds.
  path: Assets/AssetStore/Mega Fantasy Props Pack/Prefabs/Stairs/wood_stairs_support.prefab
  artifactKey: Guid(edb0d94010558614c976dfa15f61dee3) Importer(815301076,1909f56bfc062723c751e8b465ee728b)
Start importing Assets/AssetStore/Mega Fantasy Props Pack/Prefabs/Stairs/wood_stairs_support.prefab using Guid(edb0d94010558614c976dfa15f61dee3) Importer(815301076,1909f56bfc062723c751e8b465ee728b)  -> (artifact id: '79c5e5f22fe56b9552fa011c908f8e04') in 0.089598 seconds
  Import took 0.096167 seconds .

========================================================================
Received Import Request.
  Time since last request: 399.332889 seconds.
  path: Assets/AssetStore/Mega Fantasy Props Pack/Prefabs/Miscellaneous/Beds
  artifactKey: Guid(dc77e261b2b20d44aa584b203d6463af) Importer(815301076,1909f56bfc062723c751e8b465ee728b)
Start importing Assets/AssetStore/Mega Fantasy Props Pack/Prefabs/Miscellaneous/Beds using Guid(dc77e261b2b20d44aa584b203d6463af) Importer(815301076,1909f56bfc062723c751e8b465ee728b)  -> (artifact id: '5f624c0fa96f5edb9bfd8a10570e16ed') in 0.027397 seconds
  Import took 0.033931 seconds .

========================================================================
Received Import Request.
  Time since last request: 0.077896 seconds.
  path: Assets/AssetStore/Mega Fantasy Props Pack/Prefabs/Miscellaneous/Beds/bed.001.prefab
  artifactKey: Guid(cc02a768c792f2d41ae18be095581942) Importer(815301076,1909f56bfc062723c751e8b465ee728b)
Start importing Assets/AssetStore/Mega Fantasy Props Pack/Prefabs/Miscellaneous/Beds/bed.001.prefab using Guid(cc02a768c792f2d41ae18be095581942) Importer(815301076,1909f56bfc062723c751e8b465ee728b)  -> (artifact id: '7fa330933db43de43efa9de7194d8b67') in 0.288197 seconds
  Import took 0.303112 seconds .

========================================================================
Received Import Request.
  Time since last request: 0.000220 seconds.
  path: Assets/AssetStore/Mega Fantasy Props Pack/Prefabs/Miscellaneous/Beds/bed.002.prefab
  artifactKey: Guid(4b8a4f916bffd53468f9311506176b75) Importer(815301076,1909f56bfc062723c751e8b465ee728b)
Start importing Assets/AssetStore/Mega Fantasy Props Pack/Prefabs/Miscellaneous/Beds/bed.002.prefab using Guid(4b8a4f916bffd53468f9311506176b75) Importer(815301076,1909f56bfc062723c751e8b465ee728b)  -> (artifact id: '9bc26f1bf40892177fe03d86db29218f') in 0.106091 seconds
  Import took 0.113538 seconds .

========================================================================
Received Import Request.
  Time since last request: 0.000205 seconds.
  path: Assets/AssetStore/Mega Fantasy Props Pack/Prefabs/Miscellaneous/Beds/bed.prefab
  artifactKey: Guid(7a211cc68a136d44ca6fd3a81591e086) Importer(815301076,1909f56bfc062723c751e8b465ee728b)
Start importing Assets/AssetStore/Mega Fantasy Props Pack/Prefabs/Miscellaneous/Beds/bed.prefab using Guid(7a211cc68a136d44ca6fd3a81591e086) Importer(815301076,1909f56bfc062723c751e8b465ee728b)  -> (artifact id: '47bf3b163cd5fd412c03b61fd6e7faea') in 0.079344 seconds
  Import took 0.082998 seconds .

========================================================================
Received Prepare
Registering precompiled user dll's ...
Registered in 0.002879 seconds.
Begin MonoManager ReloadAssembly
Native extension for WindowsStandalone target not found
Native extension for OSXStandalone target not found
Refreshing native plugins compatible for Editor in 0.71 ms, found 0 plugins.
Preloading 0 native plugins for Editor in 0.00 ms.
Mono: successfully reloaded assembly
- Completed reload, in  4.986 seconds
Platform modules already initialized, skipping
Refreshing native plugins compatible for Editor in 0.85 ms, found 0 plugins.
Preloading 0 native plugins for Editor in 0.00 ms.
Unloading 1358 Unused Serialized files (Serialized files now loaded: 0)
System memory in use before: 89.5 MB.
System memory in use after: 89.6 MB.

Unloading 6 unused Assets to reduce memory usage. Loaded Objects now: 1876.
Total: 19.110100 ms (FindLiveObjects: 0.265500 ms CreateObjectMapping: 0.143400 ms MarkObjects: 18.600500 ms  DeleteObjects: 0.098900 ms)

========================================================================
Received Prepare
Registering precompiled user dll's ...
Registered in 0.002090 seconds.
Begin MonoManager ReloadAssembly
Native extension for WindowsStandalone target not found
Native extension for OSXStandalone target not found
Refreshing native plugins compatible for Editor in 0.61 ms, found 0 plugins.
Preloading 0 native plugins for Editor in 0.00 ms.
Mono: successfully reloaded assembly
- Completed reload, in  2.352 seconds
Platform modules already initialized, skipping
Refreshing native plugins compatible for Editor in 0.72 ms, found 0 plugins.
Preloading 0 native plugins for Editor in 0.00 ms.
Unloading 1358 Unused Serialized files (Serialized files now loaded: 0)
System memory in use before: 89.5 MB.
System memory in use after: 89.6 MB.

Unloading 6 unused Assets to reduce memory usage. Loaded Objects now: 1879.
Total: 2.329700 ms (FindLiveObjects: 0.282500 ms CreateObjectMapping: 0.078100 ms MarkObjects: 1.903000 ms  DeleteObjects: 0.063400 ms)

