Using pre-set license
Built from '2020.3/staging' branch; Version is '2020.3.9f1 (108be757e447) revision 1084391'; Using compiler version '192528614'; Build Type 'Release'
OS: 'Windows 10 Home; OS build 19043.1237; Version 2009; 64bit' Language: 'en' Physical Memory: 16348 MB
BatchMode: 1, IsHumanControllingUs: 0, StartBugReporterOnCrash: 0, Is64bit: 1, IsPro: 0

 COMMAND LINE ARGUMENTS:
C:\Program Files\Unity\Hub\Editor\2020.3.9f1\Editor\Unity.exe
-adb2
-batchMode
-noUpm
-name
AssetImportWorker13
-projectPath
F:/Connor Stuff/SAE/Game Design/GPG230/WeeklyPrototypes/GPG230-Connor-Younger/GPG230 Weekly Prototypes
-logFile
Logs/AssetImportWorker13.log
-srvPort
54191
Successfully changed project path to: F:/Connor Stuff/SAE/Game Design/GPG230/WeeklyPrototypes/GPG230-Connor-Younger/GPG230 Weekly Prototypes
F:/Connor Stuff/SAE/Game Design/GPG230/WeeklyPrototypes/GPG230-Connor-Younger/GPG230 Weekly Prototypes
Using Asset Import Pipeline V2.
Refreshing native plugins compatible for Editor in 41.79 ms, found 0 plugins.
Preloading 0 native plugins for Editor in 0.00 ms.
Initialize engine version: 2020.3.9f1 (108be757e447)
[Subsystems] Discovering subsystems at path C:/Program Files/Unity/Hub/Editor/2020.3.9f1/Editor/Data/Resources/UnitySubsystems
[Subsystems] Discovering subsystems at path F:/Connor Stuff/SAE/Game Design/GPG230/WeeklyPrototypes/GPG230-Connor-Younger/GPG230 Weekly Prototypes/Assets
GfxDevice: creating device client; threaded=0
Direct3D:
    Version:  Direct3D 11.0 [level 11.1]
    Renderer: NVIDIA GeForce GTX 1060 3GB (ID=0x1c02)
    Vendor:   
    VRAM:     2988 MB
    Driver:   30.0.14.7212
Initialize mono
Mono path[0] = 'C:/Program Files/Unity/Hub/Editor/2020.3.9f1/Editor/Data/Managed'
Mono path[1] = 'C:/Program Files/Unity/Hub/Editor/2020.3.9f1/Editor/Data/MonoBleedingEdge/lib/mono/unityjit'
Mono config path = 'C:/Program Files/Unity/Hub/Editor/2020.3.9f1/Editor/Data/MonoBleedingEdge/etc'
Using monoOptions --debugger-agent=transport=dt_socket,embedding=1,server=y,suspend=n,address=127.0.0.1:56180
Begin MonoManager ReloadAssembly
Registering precompiled unity dll's ...
Register platform support module: C:/Program Files/Unity/Hub/Editor/2020.3.9f1/Editor/Data/PlaybackEngines/MacStandaloneSupport/UnityEditor.OSXStandalone.Extensions.dll
Register platform support module: C:/Program Files/Unity/Hub/Editor/2020.3.9f1/Editor/Data/PlaybackEngines/WindowsStandaloneSupport/UnityEditor.WindowsStandalone.Extensions.dll
Registered in 0.003654 seconds.
Native extension for WindowsStandalone target not found
Native extension for OSXStandalone target not found
Refreshing native plugins compatible for Editor in 34.56 ms, found 0 plugins.
Preloading 0 native plugins for Editor in 0.00 ms.
Mono: successfully reloaded assembly
- Completed reload, in  1.608 seconds
Platform modules already initialized, skipping
Registering precompiled user dll's ...
Registered in 0.001099 seconds.
Begin MonoManager ReloadAssembly
Native extension for WindowsStandalone target not found
Native extension for OSXStandalone target not found
Refreshing native plugins compatible for Editor in 0.52 ms, found 0 plugins.
Preloading 0 native plugins for Editor in 0.00 ms.
Mono: successfully reloaded assembly
- Completed reload, in  1.135 seconds
Platform modules already initialized, skipping
========================================================================
Worker process is ready to serve import requests
Launched and connected shader compiler UnityShaderCompiler.exe after 0.11 seconds
Refreshing native plugins compatible for Editor in 0.32 ms, found 0 plugins.
Preloading 0 native plugins for Editor in 0.00 ms.
Unloading 1122 Unused Serialized files (Serialized files now loaded: 0)
System memory in use before: 70.5 MB.
System memory in use after: 70.5 MB.

Unloading 10 unused Assets to reduce memory usage. Loaded Objects now: 1579.
Total: 1.754000 ms (FindLiveObjects: 0.145300 ms CreateObjectMapping: 0.042500 ms MarkObjects: 1.457100 ms  DeleteObjects: 0.107800 ms)

========================================================================
Received Import Request.
  path: Assets/Week2/Prefabs/HousePrefab1.prefab
  artifactKey: Guid(9acae2a9e7f5fe54cbcef3dfedf18a64) Importer(815301076,1909f56bfc062723c751e8b465ee728b)
Start importing Assets/Week2/Prefabs/HousePrefab1.prefab using Guid(9acae2a9e7f5fe54cbcef3dfedf18a64) Importer(815301076,1909f56bfc062723c751e8b465ee728b)  -> (artifact id: '50afc04d3094701e3c1b01a827507ffd') in 0.407903 seconds
  Import took 0.417760 seconds .

========================================================================
Received Import Request.
  Time since last request: 5.052814 seconds.
  path: Assets/Week2/Week2Scene/NavMesh.asset
  artifactKey: Guid(7189109414c768e4695c968f8cf55e1a) Importer(815301076,1909f56bfc062723c751e8b465ee728b)
Start importing Assets/Week2/Week2Scene/NavMesh.asset using Guid(7189109414c768e4695c968f8cf55e1a) Importer(815301076,1909f56bfc062723c751e8b465ee728b)  -> (artifact id: '877e890ff1f3d7208b46b1e768666366') in 0.016714 seconds
  Import took 0.019134 seconds .

========================================================================
Received Import Request.
  Time since last request: 2.336953 seconds.
  path: Assets/Week2/Week2Scene.unity
  artifactKey: Guid(9a82fa344debe7546a87cff8e4547d8c) Importer(815301076,1909f56bfc062723c751e8b465ee728b)
Start importing Assets/Week2/Week2Scene.unity using Guid(9a82fa344debe7546a87cff8e4547d8c) Importer(815301076,1909f56bfc062723c751e8b465ee728b)  -> (artifact id: 'fe108ec27bd50e5fd20a165e73dc94da') in 0.016865 seconds
  Import took 0.019390 seconds .

========================================================================
Received Prepare
Refreshing native plugins compatible for Editor in 0.68 ms, found 0 plugins.
Preloading 0 native plugins for Editor in 0.00 ms.
Unloading 3 Unused Serialized files (Serialized files now loaded: 0)
System memory in use before: 51.1 MB.
System memory in use after: 51.2 MB.

Unloading 3 unused Assets to reduce memory usage. Loaded Objects now: 1587.
Total: 5.586800 ms (FindLiveObjects: 0.134100 ms CreateObjectMapping: 0.035000 ms MarkObjects: 5.305000 ms  DeleteObjects: 0.110900 ms)

AssetImportParameters requested are different than current active one (requested -> active):
  colorSpace: 1 -> 0
========================================================================
Received Import Request.
  Time since last request: 110.459612 seconds.
  path: Assets/Week2/Prefabs/HousePrefab1.prefab
  artifactKey: Guid(9acae2a9e7f5fe54cbcef3dfedf18a64) Importer(815301076,1909f56bfc062723c751e8b465ee728b)
Start importing Assets/Week2/Prefabs/HousePrefab1.prefab using Guid(9acae2a9e7f5fe54cbcef3dfedf18a64) Importer(815301076,1909f56bfc062723c751e8b465ee728b)  -> (artifact id: '6e42dd7e7499318a2e07c6491f80b15b') in 0.178719 seconds
  Import took 0.187211 seconds .

