Using pre-set license
Built from '2020.3/staging' branch; Version is '2020.3.9f1 (108be757e447) revision 1084391'; Using compiler version '192528614'; Build Type 'Release'
OS: 'Windows 10 Home; OS build 19043.1288; Version 2009; 64bit' Language: 'en' Physical Memory: 16348 MB
BatchMode: 1, IsHumanControllingUs: 0, StartBugReporterOnCrash: 0, Is64bit: 1, IsPro: 0

 COMMAND LINE ARGUMENTS:
C:\Program Files\Unity\Hub\Editor\2020.3.9f1\Editor\Unity.exe
-adb2
-batchMode
-noUpm
-name
AssetImportWorker0
-projectPath
F:/Connor Stuff/SAE/Game Design/GPG230/WeeklyPrototypes/GPG230-Connor-Younger/GPG230 Weekly Prototypes
-logFile
Logs/AssetImportWorker0.log
-srvPort
56466
Successfully changed project path to: F:/Connor Stuff/SAE/Game Design/GPG230/WeeklyPrototypes/GPG230-Connor-Younger/GPG230 Weekly Prototypes
F:/Connor Stuff/SAE/Game Design/GPG230/WeeklyPrototypes/GPG230-Connor-Younger/GPG230 Weekly Prototypes
Using Asset Import Pipeline V2.
Refreshing native plugins compatible for Editor in 190.37 ms, found 0 plugins.
Preloading 0 native plugins for Editor in 0.00 ms.
Initialize engine version: 2020.3.9f1 (108be757e447)
[Subsystems] Discovering subsystems at path C:/Program Files/Unity/Hub/Editor/2020.3.9f1/Editor/Data/Resources/UnitySubsystems
[Subsystems] Discovering subsystems at path F:/Connor Stuff/SAE/Game Design/GPG230/WeeklyPrototypes/GPG230-Connor-Younger/GPG230 Weekly Prototypes/Assets
GfxDevice: creating device client; threaded=0
Direct3D:
    Version:  Direct3D 11.0 [level 11.1]
    Renderer: NVIDIA GeForce GTX 1060 3GB (ID=0x1c02)
    Vendor:   
    VRAM:     2988 MB
    Driver:   30.0.14.7212
Initialize mono
Mono path[0] = 'C:/Program Files/Unity/Hub/Editor/2020.3.9f1/Editor/Data/Managed'
Mono path[1] = 'C:/Program Files/Unity/Hub/Editor/2020.3.9f1/Editor/Data/MonoBleedingEdge/lib/mono/unityjit'
Mono config path = 'C:/Program Files/Unity/Hub/Editor/2020.3.9f1/Editor/Data/MonoBleedingEdge/etc'
Using monoOptions --debugger-agent=transport=dt_socket,embedding=1,server=y,suspend=n,address=127.0.0.1:56472
Begin MonoManager ReloadAssembly
Registering precompiled unity dll's ...
Register platform support module: C:/Program Files/Unity/Hub/Editor/2020.3.9f1/Editor/Data/PlaybackEngines/MacStandaloneSupport/UnityEditor.OSXStandalone.Extensions.dll
Register platform support module: C:/Program Files/Unity/Hub/Editor/2020.3.9f1/Editor/Data/PlaybackEngines/WindowsStandaloneSupport/UnityEditor.WindowsStandalone.Extensions.dll
Registered in 0.003703 seconds.
Native extension for WindowsStandalone target not found
Native extension for OSXStandalone target not found
Refreshing native plugins compatible for Editor in 127.03 ms, found 0 plugins.
Preloading 0 native plugins for Editor in 0.00 ms.
Mono: successfully reloaded assembly
- Completed reload, in  2.190 seconds
Platform modules already initialized, skipping
Registering precompiled user dll's ...
Registered in 0.003013 seconds.
Begin MonoManager ReloadAssembly
Native extension for WindowsStandalone target not found
Native extension for OSXStandalone target not found
Refreshing native plugins compatible for Editor in 1.33 ms, found 0 plugins.
Preloading 0 native plugins for Editor in 0.00 ms.
Mono: successfully reloaded assembly
- Completed reload, in  1.666 seconds
Platform modules already initialized, skipping
========================================================================
Worker process is ready to serve import requests
Launched and connected shader compiler UnityShaderCompiler.exe after 1.13 seconds
Refreshing native plugins compatible for Editor in 1.13 ms, found 0 plugins.
Preloading 0 native plugins for Editor in 0.00 ms.
Unloading 2068 Unused Serialized files (Serialized files now loaded: 0)
System memory in use before: 151.9 MB.
System memory in use after: 151.6 MB.

Unloading 12 unused Assets to reduce memory usage. Loaded Objects now: 2553.
Total: 2.375300 ms (FindLiveObjects: 0.275000 ms CreateObjectMapping: 0.115700 ms MarkObjects: 1.563800 ms  DeleteObjects: 0.419600 ms)

========================================================================
Received Import Request.
  path: Assets/Week5/Scripts/W5EnemyShooting.cs
  artifactKey: Guid(3ba85c017c646674296a74326d1f5a50) Importer(815301076,1909f56bfc062723c751e8b465ee728b)
Start importing Assets/Week5/Scripts/W5EnemyShooting.cs using Guid(3ba85c017c646674296a74326d1f5a50) Importer(815301076,1909f56bfc062723c751e8b465ee728b)  -> (artifact id: '9b050c92b2da7188d59c1fbf77bfe6a6') in 0.043389 seconds
  Import took 0.079348 seconds .

========================================================================
Received Prepare
Registering precompiled user dll's ...
Registered in 0.001782 seconds.
Begin MonoManager ReloadAssembly
Native extension for WindowsStandalone target not found
Native extension for OSXStandalone target not found
Refreshing native plugins compatible for Editor in 1.68 ms, found 0 plugins.
Preloading 0 native plugins for Editor in 0.00 ms.
Mono: successfully reloaded assembly
- Completed reload, in  1.538 seconds
Platform modules already initialized, skipping
Refreshing native plugins compatible for Editor in 1.20 ms, found 0 plugins.
Preloading 0 native plugins for Editor in 0.00 ms.
Unloading 1943 Unused Serialized files (Serialized files now loaded: 0)
System memory in use before: 140.1 MB.
System memory in use after: 139.9 MB.

Unloading 7 unused Assets to reduce memory usage. Loaded Objects now: 2556.
Total: 2.348900 ms (FindLiveObjects: 0.260100 ms CreateObjectMapping: 0.084100 ms MarkObjects: 1.628300 ms  DeleteObjects: 0.375500 ms)

========================================================================
Received Import Request.
  Time since last request: 57.275500 seconds.
  path: Assets/Week5/Enemy.prefab
  artifactKey: Guid(c93cb794524b41f4fb416eff9ef9d5e5) Importer(815301076,1909f56bfc062723c751e8b465ee728b)
Start importing Assets/Week5/Enemy.prefab using Guid(c93cb794524b41f4fb416eff9ef9d5e5) Importer(815301076,1909f56bfc062723c751e8b465ee728b)  -> (artifact id: '5a46be208dc52dd8386d354f1b2110d9') in 0.300033 seconds
  Import took 0.495734 seconds .

========================================================================
Received Prepare
Registering precompiled user dll's ...
Registered in 0.001822 seconds.
Begin MonoManager ReloadAssembly
Native extension for WindowsStandalone target not found
Native extension for OSXStandalone target not found
Refreshing native plugins compatible for Editor in 1.05 ms, found 0 plugins.
Preloading 0 native plugins for Editor in 0.00 ms.
Mono: successfully reloaded assembly
- Completed reload, in  1.283 seconds
Platform modules already initialized, skipping
Refreshing native plugins compatible for Editor in 1.12 ms, found 0 plugins.
Preloading 0 native plugins for Editor in 0.00 ms.
Unloading 1943 Unused Serialized files (Serialized files now loaded: 0)
System memory in use before: 143.2 MB.
System memory in use after: 142.9 MB.

Unloading 7 unused Assets to reduce memory usage. Loaded Objects now: 2568.
Total: 2.428200 ms (FindLiveObjects: 0.218200 ms CreateObjectMapping: 0.086300 ms MarkObjects: 1.601000 ms  DeleteObjects: 0.521600 ms)

========================================================================
Received Import Request.
  Time since last request: 12.639719 seconds.
  path: Assets/Week5/Music
  artifactKey: Guid(631ad008f3f978b4f8d8731c30825f0b) Importer(815301076,1909f56bfc062723c751e8b465ee728b)
Start importing Assets/Week5/Music using Guid(631ad008f3f978b4f8d8731c30825f0b) Importer(815301076,1909f56bfc062723c751e8b465ee728b)  -> (artifact id: '436b66af34bf22e9f52210636dfc2c3e') in 0.012534 seconds
  Import took 0.053671 seconds .

========================================================================
Received Import Request.
  Time since last request: 182.988990 seconds.
  path: Assets/Week5/Music/The Killers - Mr. Brightside (Lyrics).mp3
  artifactKey: Guid(38326843c7d96784ab486f38cf497f7a) Importer(815301076,1909f56bfc062723c751e8b465ee728b)
Start importing Assets/Week5/Music/The Killers - Mr. Brightside (Lyrics).mp3 using Guid(38326843c7d96784ab486f38cf497f7a) Importer(815301076,1909f56bfc062723c751e8b465ee728b)  -> (artifact id: '3100f8330ccc1569b995676cc624871c') in 0.391130 seconds
  Import took 0.439821 seconds .

========================================================================
Received Prepare
Registering precompiled user dll's ...
Registered in 0.001559 seconds.
Begin MonoManager ReloadAssembly
Native extension for WindowsStandalone target not found
Native extension for OSXStandalone target not found
Refreshing native plugins compatible for Editor in 1.29 ms, found 0 plugins.
Preloading 0 native plugins for Editor in 0.00 ms.
Mono: successfully reloaded assembly
- Completed reload, in  1.501 seconds
Platform modules already initialized, skipping
Refreshing native plugins compatible for Editor in 1.81 ms, found 0 plugins.
Preloading 0 native plugins for Editor in 0.00 ms.
Unloading 1943 Unused Serialized files (Serialized files now loaded: 0)
System memory in use before: 143.2 MB.
System memory in use after: 143.0 MB.

Unloading 7 unused Assets to reduce memory usage. Loaded Objects now: 2574.
Total: 4.516900 ms (FindLiveObjects: 0.388400 ms CreateObjectMapping: 0.221200 ms MarkObjects: 2.229900 ms  DeleteObjects: 1.675900 ms)

========================================================================
Received Prepare
Registering precompiled user dll's ...
Registered in 0.001571 seconds.
Begin MonoManager ReloadAssembly
Native extension for WindowsStandalone target not found
Native extension for OSXStandalone target not found
Refreshing native plugins compatible for Editor in 1.65 ms, found 0 plugins.
Preloading 0 native plugins for Editor in 0.00 ms.
Mono: successfully reloaded assembly
- Completed reload, in  1.174 seconds
Platform modules already initialized, skipping
Refreshing native plugins compatible for Editor in 1.21 ms, found 0 plugins.
Preloading 0 native plugins for Editor in 0.00 ms.
Unloading 1943 Unused Serialized files (Serialized files now loaded: 0)
System memory in use before: 143.3 MB.
System memory in use after: 143.0 MB.

Unloading 7 unused Assets to reduce memory usage. Loaded Objects now: 2577.
Total: 2.536300 ms (FindLiveObjects: 0.285600 ms CreateObjectMapping: 0.101800 ms MarkObjects: 1.719600 ms  DeleteObjects: 0.427700 ms)

========================================================================
Received Prepare
Registering precompiled user dll's ...
Registered in 0.001469 seconds.
Begin MonoManager ReloadAssembly
Native extension for WindowsStandalone target not found
Native extension for OSXStandalone target not found
Refreshing native plugins compatible for Editor in 0.99 ms, found 0 plugins.
Preloading 0 native plugins for Editor in 0.00 ms.
Mono: successfully reloaded assembly
- Completed reload, in  0.995 seconds
Platform modules already initialized, skipping
Refreshing native plugins compatible for Editor in 1.04 ms, found 0 plugins.
Preloading 0 native plugins for Editor in 0.00 ms.
Unloading 1943 Unused Serialized files (Serialized files now loaded: 0)
System memory in use before: 143.2 MB.
System memory in use after: 142.9 MB.

Unloading 7 unused Assets to reduce memory usage. Loaded Objects now: 2580.
Total: 2.903400 ms (FindLiveObjects: 0.238500 ms CreateObjectMapping: 0.079700 ms MarkObjects: 2.104800 ms  DeleteObjects: 0.479100 ms)

========================================================================
Received Import Request.
  Time since last request: 217.983873 seconds.
  path: Assets/Week5/Scripts/W5EnemySpawner.cs
  artifactKey: Guid(9c741f5e84b10384f8d1df0e7f31c9bd) Importer(815301076,1909f56bfc062723c751e8b465ee728b)
Start importing Assets/Week5/Scripts/W5EnemySpawner.cs using Guid(9c741f5e84b10384f8d1df0e7f31c9bd) Importer(815301076,1909f56bfc062723c751e8b465ee728b)  -> (artifact id: 'a37987607a77c20ce555536f09bbafbb') in 0.261886 seconds
  Import took 0.530937 seconds .

========================================================================
Received Prepare
Registering precompiled user dll's ...
Registered in 0.001564 seconds.
Begin MonoManager ReloadAssembly
Native extension for WindowsStandalone target not found
Native extension for OSXStandalone target not found
Refreshing native plugins compatible for Editor in 1.48 ms, found 0 plugins.
Preloading 0 native plugins for Editor in 0.00 ms.
Mono: successfully reloaded assembly
- Completed reload, in  1.540 seconds
Platform modules already initialized, skipping
Refreshing native plugins compatible for Editor in 2.35 ms, found 0 plugins.
Preloading 0 native plugins for Editor in 0.00 ms.
Unloading 1944 Unused Serialized files (Serialized files now loaded: 0)
System memory in use before: 143.3 MB.
System memory in use after: 143.1 MB.

Unloading 7 unused Assets to reduce memory usage. Loaded Objects now: 2584.
Total: 4.074400 ms (FindLiveObjects: 0.300700 ms CreateObjectMapping: 1.109100 ms MarkObjects: 2.216000 ms  DeleteObjects: 0.447400 ms)

========================================================================
Received Prepare
Registering precompiled user dll's ...
Registered in 0.001551 seconds.
Begin MonoManager ReloadAssembly
Native extension for WindowsStandalone target not found
Native extension for OSXStandalone target not found
Refreshing native plugins compatible for Editor in 0.99 ms, found 0 plugins.
Preloading 0 native plugins for Editor in 0.00 ms.
Mono: successfully reloaded assembly
- Completed reload, in  1.128 seconds
Platform modules already initialized, skipping
Refreshing native plugins compatible for Editor in 2.51 ms, found 0 plugins.
Preloading 0 native plugins for Editor in 0.00 ms.
Unloading 1944 Unused Serialized files (Serialized files now loaded: 0)
System memory in use before: 143.3 MB.
System memory in use after: 143.1 MB.

Unloading 7 unused Assets to reduce memory usage. Loaded Objects now: 2587.
Total: 5.034500 ms (FindLiveObjects: 0.319600 ms CreateObjectMapping: 0.125100 ms MarkObjects: 4.035500 ms  DeleteObjects: 0.552500 ms)

========================================================================
Received Import Request.
  Time since last request: 1062.492013 seconds.
  path: Assets/Week5/Scripts/W5EnemySpawner.cs
  artifactKey: Guid(9c741f5e84b10384f8d1df0e7f31c9bd) Importer(815301076,1909f56bfc062723c751e8b465ee728b)
Start importing Assets/Week5/Scripts/W5EnemySpawner.cs using Guid(9c741f5e84b10384f8d1df0e7f31c9bd) Importer(815301076,1909f56bfc062723c751e8b465ee728b)  -> (artifact id: '6d403158ca47c63dd53c55dfe54db8f5') in 0.042672 seconds
  Import took 0.099698 seconds .

========================================================================
Received Prepare
Registering precompiled user dll's ...
Registered in 0.002138 seconds.
Begin MonoManager ReloadAssembly
Native extension for WindowsStandalone target not found
Native extension for OSXStandalone target not found
Refreshing native plugins compatible for Editor in 1.94 ms, found 0 plugins.
Preloading 0 native plugins for Editor in 0.00 ms.
Mono: successfully reloaded assembly
- Completed reload, in  1.190 seconds
Platform modules already initialized, skipping
Refreshing native plugins compatible for Editor in 1.00 ms, found 0 plugins.
Preloading 0 native plugins for Editor in 0.00 ms.
Unloading 1944 Unused Serialized files (Serialized files now loaded: 0)
System memory in use before: 143.3 MB.
System memory in use after: 143.1 MB.

Unloading 7 unused Assets to reduce memory usage. Loaded Objects now: 2590.
Total: 3.134700 ms (FindLiveObjects: 0.247400 ms CreateObjectMapping: 0.111200 ms MarkObjects: 2.217100 ms  DeleteObjects: 0.557600 ms)

========================================================================
Received Import Request.
  Time since last request: 320.139207 seconds.
  path: Assets/Week5/Scripts/W5EnemySpawner.cs
  artifactKey: Guid(9c741f5e84b10384f8d1df0e7f31c9bd) Importer(815301076,1909f56bfc062723c751e8b465ee728b)
Start importing Assets/Week5/Scripts/W5EnemySpawner.cs using Guid(9c741f5e84b10384f8d1df0e7f31c9bd) Importer(815301076,1909f56bfc062723c751e8b465ee728b)  -> (artifact id: 'eca50baf59988bead1e5f1878ccf6452') in 0.010430 seconds
  Import took 0.048895 seconds .

========================================================================
Received Prepare
Registering precompiled user dll's ...
Registered in 0.001598 seconds.
Begin MonoManager ReloadAssembly
Native extension for WindowsStandalone target not found
Native extension for OSXStandalone target not found
Refreshing native plugins compatible for Editor in 1.15 ms, found 0 plugins.
Preloading 0 native plugins for Editor in 0.00 ms.
Mono: successfully reloaded assembly
- Completed reload, in  1.086 seconds
Platform modules already initialized, skipping
Refreshing native plugins compatible for Editor in 1.11 ms, found 0 plugins.
Preloading 0 native plugins for Editor in 0.00 ms.
Unloading 1944 Unused Serialized files (Serialized files now loaded: 0)
System memory in use before: 143.3 MB.
System memory in use after: 143.1 MB.

Unloading 7 unused Assets to reduce memory usage. Loaded Objects now: 2593.
Total: 5.021800 ms (FindLiveObjects: 0.810400 ms CreateObjectMapping: 0.286800 ms MarkObjects: 3.290800 ms  DeleteObjects: 0.631800 ms)

========================================================================
Received Prepare
Registering precompiled user dll's ...
Registered in 0.001504 seconds.
Begin MonoManager ReloadAssembly
Native extension for WindowsStandalone target not found
Native extension for OSXStandalone target not found
Refreshing native plugins compatible for Editor in 1.35 ms, found 0 plugins.
Preloading 0 native plugins for Editor in 0.00 ms.
Mono: successfully reloaded assembly
- Completed reload, in  1.184 seconds
Platform modules already initialized, skipping
Refreshing native plugins compatible for Editor in 1.05 ms, found 0 plugins.
Preloading 0 native plugins for Editor in 0.00 ms.
Unloading 1944 Unused Serialized files (Serialized files now loaded: 0)
System memory in use before: 143.2 MB.
System memory in use after: 143.0 MB.

Unloading 7 unused Assets to reduce memory usage. Loaded Objects now: 2596.
Total: 2.889400 ms (FindLiveObjects: 0.261300 ms CreateObjectMapping: 0.104800 ms MarkObjects: 1.966600 ms  DeleteObjects: 0.555000 ms)

========================================================================
Received Prepare
Registering precompiled user dll's ...
Registered in 0.001510 seconds.
Begin MonoManager ReloadAssembly
Native extension for WindowsStandalone target not found
Native extension for OSXStandalone target not found
Refreshing native plugins compatible for Editor in 2.69 ms, found 0 plugins.
Preloading 0 native plugins for Editor in 0.00 ms.
Mono: successfully reloaded assembly
- Completed reload, in  1.115 seconds
Platform modules already initialized, skipping
Refreshing native plugins compatible for Editor in 1.11 ms, found 0 plugins.
Preloading 0 native plugins for Editor in 0.00 ms.
Unloading 1944 Unused Serialized files (Serialized files now loaded: 0)
System memory in use before: 143.3 MB.
System memory in use after: 143.1 MB.

Unloading 7 unused Assets to reduce memory usage. Loaded Objects now: 2599.
Total: 4.166000 ms (FindLiveObjects: 0.252900 ms CreateObjectMapping: 0.103800 ms MarkObjects: 3.255200 ms  DeleteObjects: 0.552200 ms)

========================================================================
Received Prepare
Registering precompiled user dll's ...
Registered in 0.001568 seconds.
Begin MonoManager ReloadAssembly
Native extension for WindowsStandalone target not found
Native extension for OSXStandalone target not found
Refreshing native plugins compatible for Editor in 1.12 ms, found 0 plugins.
Preloading 0 native plugins for Editor in 0.00 ms.
Mono: successfully reloaded assembly
- Completed reload, in  1.252 seconds
Platform modules already initialized, skipping
Refreshing native plugins compatible for Editor in 2.14 ms, found 0 plugins.
Preloading 0 native plugins for Editor in 0.00 ms.
Unloading 1944 Unused Serialized files (Serialized files now loaded: 0)
System memory in use before: 143.4 MB.
System memory in use after: 143.1 MB.

Unloading 7 unused Assets to reduce memory usage. Loaded Objects now: 2602.
Total: 2.698800 ms (FindLiveObjects: 0.279800 ms CreateObjectMapping: 0.115000 ms MarkObjects: 1.834800 ms  DeleteObjects: 0.467800 ms)

========================================================================
Received Prepare
Registering precompiled user dll's ...
Registered in 0.001609 seconds.
Begin MonoManager ReloadAssembly
Native extension for WindowsStandalone target not found
Native extension for OSXStandalone target not found
Refreshing native plugins compatible for Editor in 1.36 ms, found 0 plugins.
Preloading 0 native plugins for Editor in 0.00 ms.
Mono: successfully reloaded assembly
- Completed reload, in  1.882 seconds
Platform modules already initialized, skipping
Refreshing native plugins compatible for Editor in 1.88 ms, found 0 plugins.
Preloading 0 native plugins for Editor in 0.00 ms.
Unloading 1944 Unused Serialized files (Serialized files now loaded: 0)
System memory in use before: 143.4 MB.
System memory in use after: 143.1 MB.

Unloading 7 unused Assets to reduce memory usage. Loaded Objects now: 2605.
Total: 3.210400 ms (FindLiveObjects: 0.217900 ms CreateObjectMapping: 0.086800 ms MarkObjects: 2.446800 ms  DeleteObjects: 0.456900 ms)

========================================================================
Received Prepare
Registering precompiled user dll's ...
Registered in 0.002639 seconds.
Begin MonoManager ReloadAssembly
Native extension for WindowsStandalone target not found
Native extension for OSXStandalone target not found
Refreshing native plugins compatible for Editor in 3.98 ms, found 0 plugins.
Preloading 0 native plugins for Editor in 0.00 ms.
Mono: successfully reloaded assembly
- Completed reload, in  1.361 seconds
Platform modules already initialized, skipping
Refreshing native plugins compatible for Editor in 1.59 ms, found 0 plugins.
Preloading 0 native plugins for Editor in 0.00 ms.
Unloading 1944 Unused Serialized files (Serialized files now loaded: 0)
System memory in use before: 143.4 MB.
System memory in use after: 143.1 MB.

Unloading 7 unused Assets to reduce memory usage. Loaded Objects now: 2608.
Total: 5.240400 ms (FindLiveObjects: 0.303200 ms CreateObjectMapping: 0.107100 ms MarkObjects: 4.191000 ms  DeleteObjects: 0.637500 ms)

========================================================================
Received Prepare
Registering precompiled user dll's ...
Registered in 0.001668 seconds.
Begin MonoManager ReloadAssembly
Native extension for WindowsStandalone target not found
Native extension for OSXStandalone target not found
Refreshing native plugins compatible for Editor in 1.38 ms, found 0 plugins.
Preloading 0 native plugins for Editor in 0.00 ms.
Mono: successfully reloaded assembly
- Completed reload, in  1.137 seconds
Platform modules already initialized, skipping
Refreshing native plugins compatible for Editor in 1.23 ms, found 0 plugins.
Preloading 0 native plugins for Editor in 0.00 ms.
Unloading 1944 Unused Serialized files (Serialized files now loaded: 0)
System memory in use before: 143.3 MB.
System memory in use after: 143.0 MB.

Unloading 7 unused Assets to reduce memory usage. Loaded Objects now: 2611.
Total: 3.843400 ms (FindLiveObjects: 1.021400 ms CreateObjectMapping: 0.172600 ms MarkObjects: 2.070700 ms  DeleteObjects: 0.460100 ms)

========================================================================
Received Prepare
Registering precompiled user dll's ...
Registered in 0.001787 seconds.
Begin MonoManager ReloadAssembly
Native extension for WindowsStandalone target not found
Native extension for OSXStandalone target not found
Refreshing native plugins compatible for Editor in 1.57 ms, found 0 plugins.
Preloading 0 native plugins for Editor in 0.00 ms.
Mono: successfully reloaded assembly
- Completed reload, in  1.149 seconds
Platform modules already initialized, skipping
Refreshing native plugins compatible for Editor in 1.16 ms, found 0 plugins.
Preloading 0 native plugins for Editor in 0.00 ms.
Unloading 1944 Unused Serialized files (Serialized files now loaded: 0)
System memory in use before: 143.4 MB.
System memory in use after: 143.1 MB.

Unloading 7 unused Assets to reduce memory usage. Loaded Objects now: 2614.
Total: 2.380000 ms (FindLiveObjects: 0.239000 ms CreateObjectMapping: 0.093100 ms MarkObjects: 1.596200 ms  DeleteObjects: 0.450600 ms)

